Archive:  F:/work/miktex/manufacture/core.zip
 Length    Date    Time    Name
 ------    ----    ----    ----
  22751  10-19-99  16:35   tex/generic/dvips/epsf.tex
      0  12-25-00  20:50   makeindex/latex/
   3251  09-03-00  09:01   makeindex/latex/gglo.ist
   3225  09-03-00  09:01   makeindex/latex/gind.ist
  25082  07-20-92  01:00   bibtex/bib/base/test.bib
   9859  03-08-96  15:20   bibtex/bib/base/xampl.bib
  20285  07-20-92  14:34   bibtex/bst/base/abbrv.bst
  19367  03-08-96  14:15   bibtex/bst/base/acm.bst
  22183  07-20-92  14:36   bibtex/bst/base/alpha.bst
  21794  03-08-96  14:19   bibtex/bst/base/apalike.bst
  16932  03-08-96  14:28   bibtex/bst/base/ieeetr.bst
  19253  07-20-92  14:33   bibtex/bst/base/plain.bst
  18518  03-22-96  21:17   bibtex/bst/base/siam.bst
  16936  07-20-92  14:33   bibtex/bst/base/unsrt.bst
  11525  08-18-96  16:47   bibtex/csf/88591lat.csf
  10608  08-18-96  16:47   bibtex/csf/88591sca.csf
  11164  02-21-00  19:32   bibtex/csf/88592pl.csf
   8757  08-18-96  16:47   bibtex/csf/ascii.csf
  11173  02-21-00  19:32   bibtex/csf/cp1250pl.csf
  10877  08-18-96  16:47   bibtex/csf/cp437lat.csf
  10296  08-18-96  16:47   bibtex/csf/cp850lat.csf
  10393  08-18-96  16:47   bibtex/csf/cp850sca.csf
  11196  02-21-00  19:27   bibtex/csf/cp852pl.csf
   8654  08-18-96  16:47   bibtex/csf/cp866rus.csf
 172624  04-06-00  08:37   doc/bibtex/achicago-bst.dvi
   2783  07-03-94  22:42   doc/bibtex/bibshare
  67262  11-25-93  01:00   doc/bibtex/btxbst.doc
   2306  07-20-92  14:31   doc/bibtex/btxdoc.bib
  53592  04-06-00  08:37   doc/bibtex/btxdoc.dvi
  41569  07-20-92  14:32   doc/bibtex/btxdoc.tex
  33120  04-06-00  08:37   doc/bibtex/btxhak.dvi
  25553  07-20-92  14:32   doc/bibtex/btxhak.tex
  35349  08-18-96  15:47   doc/bibtex8/00readme.txt
  13770  08-18-96  15:47   doc/bibtex8/csfile.txt
    477  08-18-96  15:47   doc/bibtex8/file_id.diz
   2658  08-18-96  15:47   doc/bibtex8/HISTORY
 361260  01-20-01  22:14   doc/dvips/dvips.dvi
   2399  11-03-97  16:46   dvips/base/8a.enc
   4314  03-27-99  15:19   dvips/base/8r.enc
   2607  03-30-99  23:59   dvips/base/ad.enc
   5764  02-22-99  13:43   dvips/base/asex.enc
   3790  11-03-97  16:46   dvips/base/asexp.enc
   3083  02-22-99  13:43   dvips/base/color.pro
   3627  05-30-00  11:09   dvips/base/cork.enc
    312  02-22-99  13:43   dvips/base/crop.pro
   3401  03-30-99  23:59   dvips/base/dc.enc
   3715  11-03-97  16:46   dvips/base/dvips.enc
   3375  02-07-97  14:07   dvips/base/ec.enc
   8348  02-07-97  14:07   dvips/base/ehandler.ps
   3370  11-03-97  16:46   dvips/base/extex.enc
    201  02-22-99  13:43   dvips/base/finclude.pro
   4856  11-03-97  16:46   dvips/base/funky.enc
   3515  02-22-99  13:43   dvips/base/hps.pro
   3161  02-07-97  14:08   dvips/base/odvips.enc
    435  02-07-97  14:08   dvips/base/resolution400.ps
   3803  02-22-99  13:43   dvips/base/special.pro
   2960  03-18-99  13:27   dvips/base/tex.pro
   3823  03-18-99  13:27   dvips/base/texc.pro
   3562  11-03-97  16:46   dvips/base/texmext.enc
   2306  11-03-97  16:46   dvips/base/texmital.enc
   2849  11-03-97  16:46   dvips/base/texmsym.enc
    785  02-22-99  13:43   dvips/base/texps.pro
   4574  11-03-97  16:46   dvips/base/xl2.enc
   4117  11-03-97  16:46   dvips/base/xt2.enc
   3314  06-05-99  14:58   dvips/bluesky/bsr.map
     25  11-02-98  21:11   dvips/bluesky/config.ams
     52  02-03-99  23:59   dvips/bluesky/config.amz
     51  02-04-99  00:06   dvips/bluesky/config.cm
     52  02-03-99  23:59   dvips/bluesky/config.cmz
    490  06-26-97  18:50   dvips/bluesky/psfonts.ams
    921  06-26-97  18:51   dvips/bluesky/psfonts.amz
   1385  11-12-97  01:22   dvips/bluesky/psfonts.cm
   2586  11-12-97  01:22   dvips/bluesky/psfonts.cmz
   1105  03-01-99  22:09   dvips/config/acrobat.map
   2011  11-12-98  23:18   dvips/config/acrobat_kb_kb.mapfile
   2168  11-12-98  23:18   dvips/config/acrobat_kb_urw.mapfile
   2209  11-12-98  23:14   dvips/config/acrobat_urw.mapfile
    496  03-13-00  17:13   dvips/config/alt-rule.pro
    899  09-14-99  14:53   dvips/config/bakomaextra.map
   1729  03-13-00  17:13   dvips/config/bsr-interpolated.map
     16  11-16-97  23:51   dvips/config/canonex.cfg
    527  07-01-98  00:51   dvips/config/charter.map
     49  02-28-99  18:18   dvips/config/config.bakoma
     16  02-07-97  14:08   dvips/config/config.canonex
     30  03-18-99  16:05   dvips/config/config.cms
     11  02-07-97  14:08   dvips/config/config.cx
     16  02-07-97  14:08   dvips/config/config.deskjet
     57  02-03-99  23:59   dvips/config/config.dfaxhigh
     58  02-03-99  23:59   dvips/config/config.dfaxlo
     57  02-07-97  14:08   dvips/config/config.dvired
     14  02-07-97  14:08   dvips/config/config.epson
     15  02-07-97  14:08   dvips/config/config.ibmvga
     15  02-07-97  14:08   dvips/config/config.ljfour
    117  02-07-97  14:08   dvips/config/config.luc
     11  02-07-97  14:08   dvips/config/config.mbn
     11  02-07-97  14:08   dvips/config/config.mga
    138  04-13-99  14:01   dvips/config/config.mirrorprint
     24  02-07-97  14:08   dvips/config/config.ot2
   1926  07-01-00  19:50   dvips/config/config.pdf
   3098  06-04-00  20:55   dvips/config/config.ps
     12  02-07-97  14:08   dvips/config/config.qms
     16  02-07-97  14:08   dvips/config/config.toshiba
     11  02-07-97  14:08   dvips/config/config.uaq
     11  02-07-97  14:08   dvips/config/config.ugq
     12  02-07-97  14:08   dvips/config/config.unms
     91  03-13-00  17:07   dvips/config/config.www
     13  02-07-97  14:08   dvips/config/config.xyp
    379  03-31-00  11:23   dvips/config/context.map
     11  11-16-97  23:51   dvips/config/cx.cfg
     16  11-16-97  23:51   dvips/config/deskjet.cfg
     20  11-16-97  23:51   dvips/config/dfaxhigh.cfg
     57  11-16-97  23:51   dvips/config/dvired.cfg
     14  11-16-97  23:51   dvips/config/epson.cfg
   2887  01-16-01  19:52   dvips/config/extra.map
     15  11-16-97  23:51   dvips/config/ibmvga.cfg
     15  11-16-97  23:51   dvips/config/ljfour.cfg
   2626  06-16-00  09:38   dvips/config/lw35extra.mapfile
   2422  11-12-98  23:17   dvips/config/lw35extra_kb_kb.mapfile
   2430  11-12-98  23:17   dvips/config/lw35extra_kb_urw.mapfile
   2475  11-12-98  23:13   dvips/config/lw35extra_urw.mapfile
   1333  05-08-97  18:26   dvips/config/mirr.hd
  89025  01-20-01  21:55   dvips/config/psfonts.map
     12  11-16-97  23:51   dvips/config/qms.cfg
     16  11-16-97  23:51   dvips/config/toshiba.cfg
    251  03-15-00  15:42   dvips/config/updmap
     19  02-28-99  22:05   dvips/cspsfonts/config.cs
   1921  02-28-99  21:37   dvips/cspsfonts/csfontd.mapfile
   1719  02-09-99  22:02   dvips/cspsfonts/rawfonts.map
    936  06-08-99  17:20   dvips/hoekwater/hoekwater.map
   2973  08-29-92  06:16   tex/generic/dvips/blackdvi.sty
   2973  08-29-92  06:16   tex/generic/dvips/blackdvi.tex
   8299  08-25-92  21:16   tex/generic/dvips/colordvi.sty
   8299  08-25-92  21:16   tex/generic/dvips/colordvi.tex
  22088  10-19-99  16:34   tex/generic/dvips/epsf.sty
   2285  11-17-90  21:49   tex/generic/dvips/rotate.sty
   1936  11-05-90  00:36   tex/generic/dvips/rotate.tex
  82768  01-26-98  23:01   doc/tds/tds.dvi
  84932  04-06-00  08:37   doc/makeindex/ind.dvi
  21952  01-20-01  22:14   doc/makeindex/makeindex.dvi
  39812  01-20-01  22:14   doc/makeindex/manpages.dvi
      0  12-25-00  20:50   makeindex/base/
   1800  02-03-97  21:33   makeindex/base/bbglo.ist
   1805  02-03-97  21:33   makeindex/base/bbind.ist
   1074  01-31-92  15:49   makeindex/base/din.ist
    811  01-31-92  15:49   makeindex/base/icase.ist
    364  01-31-92  15:49   makeindex/base/latex.ist
   2525  01-31-92  15:49   makeindex/base/math.ist
    587  01-31-92  15:49   makeindex/base/mkind.ist
   1209  01-31-92  15:49   makeindex/base/puncts.ist
    606  01-31-92  15:49   makeindex/base/tex.ist
      0  12-25-00  20:50   makeindex/english/
    629  01-31-92  15:49   makeindex/english/digit.ist
    363  01-31-92  15:49   makeindex/english/letter.ist
    435  01-31-92  15:49   makeindex/english/special.ist
      0  12-25-00  20:50   makeindex/german/
    891  01-31-92  15:49   makeindex/german/digit.ist
    448  01-31-92  15:49   makeindex/german/special.ist
    510  01-31-92  15:49   makeindex/german/umlaut.ist
   1076  01-31-92  15:49   makeindex/german/wb.ist
   3161  01-26-00  21:36   makeindex/gglo.ist
   3137  01-26-00  21:36   makeindex/gind.ist
   2631  01-31-00  06:59   makeindex/nomencl.ist
      0  12-25-00  20:50   makeindex/plindex/
     54  05-07-96  05:07   makeindex/plindex/plaintex.ist
      0  12-25-00  20:50   makeindex/startex/
    758  03-11-99  14:36   makeindex/startex/stxglo.ist
    743  03-11-99  14:36   makeindex/startex/stxind.ist
   9600  01-20-01  22:07   doc/ps2pk/mkpsres.1.dvi
   2104  10-04-00  18:48   doc/ps2pk/pk2bm.1.dvi
  11072  10-04-00  18:48   doc/ps2pk/ps2pk.1.dvi
  10426  01-30-00  15:07   dvips/ps2pk/ps2pk.map
   1595  09-07-00  14:00   doc/ttf2pfb/TODO
   7212  01-20-01  22:14   doc/ttf2pk/ttf2pk.1.dvi
  28783  03-16-00  11:33   doc/ttf2pk/ttf2pk.doc
  34584  01-20-01  22:14   doc/ttf2tfm/ttf2tfm.1.dvi
   5447  09-07-00  14:00   ttf2pfb/base/Uni-T1.enc
   3850  09-07-00  14:00   ttf2tfm/base/Big5.sfd
   3783  09-07-00  14:00   ttf2tfm/base/ET5.enc
   2277  09-07-00  14:00   ttf2tfm/base/EUC.sfd
   2657  09-07-00  14:00   ttf2tfm/base/SJIS.sfd
   3675  09-07-00  14:00   ttf2tfm/base/T1-WGL4.enc
    696  09-07-00  14:00   ttf2tfm/base/ttfonts.map
 185536  09-07-00  14:00   ttf2tfm/base/UBg5plus.sfd
 114442  09-07-00  14:00   ttf2tfm/base/UBig5.sfd
  68594  09-07-00  14:00   ttf2tfm/base/UGB.sfd
 185529  09-07-00  14:00   ttf2tfm/base/UGBK.sfd
  68598  09-07-00  14:00   ttf2tfm/base/UJIS.sfd
  68595  09-07-00  14:00   ttf2tfm/base/UKS.sfd
   5003  09-07-00  14:00   ttf2tfm/base/Unicode.sfd
   4584  09-07-00  14:00   ttf2tfm/base/VPS.rpl
 179110  06-06-99  07:54   fontname/adobe.map
    354  06-06-99  07:54   fontname/apple.map
  54778  05-20-99  18:33   fontname/bitstrea.map
    857  06-06-99  07:54   fontname/dtc.map
  41884  06-06-99  07:54   fontname/itc.map
 243963  06-06-99  07:54   fontname/linot-cd.map
 247734  03-30-99  15:22   fontname/linotype-cd.map
 236040  06-06-99  07:54   fontname/linotype.map
  81548  06-05-99  18:35   fontname/monotype.map
  69002  06-06-99  07:54   fontname/skey1250.map
  61107  06-06-99  07:54   fontname/skey1555.map
  62345  06-06-99  07:54   fontname/softkey.map
  46662  06-06-99  07:54   fontname/special.map
   1176  06-06-99  07:54   fontname/supplier.map
   1908  03-14-00  21:04   fontname/texfonts.map
  17732  06-06-99  07:54   fontname/typeface.map
   2492  06-06-99  07:54   fontname/urw.map
   3955  06-05-99  18:32   fontname/variant.map
    408  06-06-99  07:54   fontname/weight.map
    505  06-06-99  07:54   fontname/width.map
    757  06-06-99  07:54   fontname/wolfram.map
   2719  06-06-99  07:54   fontname/yandy.map
   1734  01-13-92  00:00   fonts/source/public/cm/3test.mf
   1836  08-15-89  03:00   fonts/source/public/cm/6test.mf
   9127  02-22-99  13:43   fonts/source/public/cm/accent.mf
   1082  02-22-99  13:43   fonts/source/public/cm/bigacc.mf
  30190  02-22-99  13:43   fonts/source/public/cm/bigdel.mf
  17122  02-22-99  13:43   fonts/source/public/cm/bigop.mf
  15791  02-22-99  13:43   fonts/source/public/cm/calu.mf
   3822  02-22-99  13:43   fonts/source/public/cm/cmb10.mf
  29165  02-22-99  13:43   fonts/source/public/cm/cmbase.mf
   6244  06-16-95  11:25   fonts/source/public/cm/cmbcsc10.mf
   4779  02-22-99  13:43   fonts/source/public/cm/cmbsy10.mf
   3801  05-27-93  03:00   fonts/source/public/cm/cmbtex10.mf
   3780  05-27-93  03:00   fonts/source/public/cm/cmbtt10.mf
   3776  05-27-93  03:00   fonts/source/public/cm/cmbtt8.mf
   3778  05-27-93  03:00   fonts/source/public/cm/cmbtt9.mf
   3833  02-22-99  13:43   fonts/source/public/cm/cmbx10.mf
   3850  02-22-99  13:43   fonts/source/public/cm/cmbx12.mf
   3834  02-22-99  13:43   fonts/source/public/cm/cmbx5.mf
   3843  02-22-99  13:43   fonts/source/public/cm/cmbx6.mf
   3846  02-22-99  13:43   fonts/source/public/cm/cmbx7.mf
   3838  02-22-99  13:43   fonts/source/public/cm/cmbx8.mf
   3842  02-22-99  13:43   fonts/source/public/cm/cmbx9.mf
   3847  02-22-99  13:43   fonts/source/public/cm/cmbxsl10.mf
   3853  02-22-99  13:43   fonts/source/public/cm/cmbxti10.mf
   5561  02-22-99  13:43   fonts/source/public/cm/cmcsc10.mf
   3835  02-22-99  13:43   fonts/source/public/cm/cmdunh10.mf
   4205  02-22-99  13:43   fonts/source/public/cm/cmex10.mf
   4209  07-26-96  16:40   fonts/source/public/cm/cmex9.mf
   4175  08-16-94  09:19   fonts/source/public/cm/cmexb10.mf
   3839  02-22-99  13:43   fonts/source/public/cm/cmff10.mf
   3840  02-22-99  13:43   fonts/source/public/cm/cmfi10.mf
   3836  02-22-99  13:43   fonts/source/public/cm/cmfib8.mf
   3885  02-22-99  13:43   fonts/source/public/cm/cminch.mf
   3844  02-22-99  13:43   fonts/source/public/cm/cmitt10.mf
   3831  02-22-99  13:43   fonts/source/public/cm/cmmi10.mf
   3851  02-22-99  13:43   fonts/source/public/cm/cmmi12.mf
   3841  02-22-99  13:43   fonts/source/public/cm/cmmi5.mf
   3849  02-22-99  13:43   fonts/source/public/cm/cmmi6.mf
   3846  02-22-99  13:43   fonts/source/public/cm/cmmi7.mf
   3838  02-22-99  13:43   fonts/source/public/cm/cmmi8.mf
   3833  02-22-99  13:43   fonts/source/public/cm/cmmi9.mf
   3835  02-22-99  13:43   fonts/source/public/cm/cmmib10.mf
    225  08-10-92  03:00   fonts/source/public/cm/cmplain.mf
   3821  02-22-99  13:43   fonts/source/public/cm/cmr10.mf
   3841  02-22-99  13:43   fonts/source/public/cm/cmr12.mf
   3850  02-22-99  13:43   fonts/source/public/cm/cmr17.mf
   3818  02-22-99  13:43   fonts/source/public/cm/cmr5.mf
   3833  02-22-99  13:43   fonts/source/public/cm/cmr6.mf
   3824  02-22-99  13:43   fonts/source/public/cm/cmr7.mf
   3826  02-22-99  13:43   fonts/source/public/cm/cmr8.mf
   3823  02-22-99  13:43   fonts/source/public/cm/cmr9.mf
   3833  02-22-99  13:43   fonts/source/public/cm/cmsl10.mf
   3853  02-22-99  13:43   fonts/source/public/cm/cmsl12.mf
   3838  02-22-99  13:43   fonts/source/public/cm/cmsl8.mf
   3835  02-22-99  13:43   fonts/source/public/cm/cmsl9.mf
   3843  02-22-99  13:43   fonts/source/public/cm/cmsltt10.mf
   3816  02-22-99  13:43   fonts/source/public/cm/cmss10.mf
   3819  02-22-99  13:43   fonts/source/public/cm/cmss12.mf
   3842  02-22-99  13:43   fonts/source/public/cm/cmss17.mf
   3812  02-22-99  13:43   fonts/source/public/cm/cmss8.mf
   3816  02-22-99  13:43   fonts/source/public/cm/cmss9.mf
   3839  02-22-99  13:43   fonts/source/public/cm/cmssbx10.mf
   3842  02-22-99  13:43   fonts/source/public/cm/cmssdc10.mf
   3838  02-22-99  13:43   fonts/source/public/cm/cmssi10.mf
   3841  02-22-99  13:43   fonts/source/public/cm/cmssi12.mf
   3864  02-22-99  13:43   fonts/source/public/cm/cmssi17.mf
   3834  02-22-99  13:43   fonts/source/public/cm/cmssi8.mf
   3838  02-22-99  13:43   fonts/source/public/cm/cmssi9.mf
   3837  02-22-99  13:43   fonts/source/public/cm/cmssq8.mf
   3859  02-22-99  13:43   fonts/source/public/cm/cmssqi8.mf
   4785  02-22-99  13:43   fonts/source/public/cm/cmsy10.mf
   4765  02-22-99  13:43   fonts/source/public/cm/cmsy5.mf
   4774  02-22-99  13:43   fonts/source/public/cm/cmsy6.mf
   4773  02-22-99  13:43   fonts/source/public/cm/cmsy7.mf
   4765  02-22-99  13:43   fonts/source/public/cm/cmsy8.mf
   4783  02-22-99  13:43   fonts/source/public/cm/cmsy9.mf
   5542  02-22-99  13:43   fonts/source/public/cm/cmtcsc10.mf
   3848  02-22-99  13:43   fonts/source/public/cm/cmtex10.mf
   3843  02-22-99  13:43   fonts/source/public/cm/cmtex8.mf
   3849  02-22-99  13:43   fonts/source/public/cm/cmtex9.mf
   3837  02-22-99  13:43   fonts/source/public/cm/cmti10.mf
   3855  02-22-99  13:43   fonts/source/public/cm/cmti12.mf
   3849  02-22-99  13:43   fonts/source/public/cm/cmti7.mf
   3842  02-22-99  13:43   fonts/source/public/cm/cmti8.mf
   3838  02-22-99  13:43   fonts/source/public/cm/cmti9.mf
   3829  02-22-99  13:43   fonts/source/public/cm/cmtt10.mf
   3831  02-22-99  13:43   fonts/source/public/cm/cmtt12.mf
   3824  02-22-99  13:43   fonts/source/public/cm/cmtt8.mf
   3830  02-22-99  13:43   fonts/source/public/cm/cmtt9.mf
   3770  08-16-94  09:19   fonts/source/public/cm/cmttb10.mf
   3836  02-22-99  13:43   fonts/source/public/cm/cmu10.mf
   3846  02-22-99  13:43   fonts/source/public/cm/cmvtt10.mf
   2209  02-22-99  13:43   fonts/source/public/cm/comlig.mf
   3323  02-22-99  13:43   fonts/source/public/cm/csc.mf
   3793  02-22-99  13:43   fonts/source/public/cm/cscspu.mf
  22544  02-22-99  13:43   fonts/source/public/cm/greekl.mf
  11936  02-22-99  13:43   fonts/source/public/cm/greeku.mf
  12138  02-22-99  13:43   fonts/source/public/cm/itald.mf
   9632  02-22-99  13:43   fonts/source/public/cm/italig.mf
  20722  02-22-99  13:43   fonts/source/public/cm/itall.mf
   5435  02-22-99  13:43   fonts/source/public/cm/italms.mf
   5078  02-22-99  13:43   fonts/source/public/cm/italp.mf
   5992  02-22-99  13:43   fonts/source/public/cm/italsp.mf
    519  02-22-99  13:43   fonts/source/public/cm/mathex.mf
   3155  02-22-99  13:43   fonts/source/public/cm/mathit.mf
   1189  02-22-99  13:43   fonts/source/public/cm/mathsy.mf
  14922  02-22-99  13:43   fonts/source/public/cm/olddig.mf
  12115  02-22-99  13:43   fonts/source/public/cm/punct.mf
   4216  07-16-96  16:42   fonts/source/public/cm/README
   3058  02-22-99  13:43   fonts/source/public/cm/roman.mf
  14874  02-22-99  13:43   fonts/source/public/cm/romand.mf
  39963  02-22-99  13:43   fonts/source/public/cm/romanl.mf
   5946  02-22-99  13:43   fonts/source/public/cm/romanp.mf
  35524  02-22-99  13:43   fonts/source/public/cm/romanu.mf
   8008  02-22-99  13:43   fonts/source/public/cm/romlig.mf
  10061  02-22-99  13:43   fonts/source/public/cm/romms.mf
   8922  02-22-99  13:43   fonts/source/public/cm/romspl.mf
   5311  02-22-99  13:43   fonts/source/public/cm/romspu.mf
   1639  02-22-99  13:43   fonts/source/public/cm/romsub.mf
    326  06-08-86  03:00   fonts/source/public/cm/rtest.mf
  18652  02-22-99  13:43   fonts/source/public/cm/sym.mf
  43716  02-22-99  13:43   fonts/source/public/cm/symbol.mf
   2496  02-22-99  13:43   fonts/source/public/cm/texset.mf
   2626  02-22-99  13:43   fonts/source/public/cm/textit.mf
   1165  02-22-99  13:43   fonts/source/public/cm/title.mf
   3015  02-22-99  13:43   fonts/source/public/cm/tset.mf
   6331  02-22-99  13:43   fonts/source/public/cm/tsetsl.mf
   4517  08-10-92  03:00   fonts/source/public/cm/white_setup.mf
    332  06-08-86  03:00   fonts/source/public/cm/ztest.mf
   3573  08-25-89  18:42   fonts/source/public/cmextra/cmbxcd10.mf
   3590  01-08-99  22:44   fonts/source/public/cmextra/cmbxti12.mf
   3577  09-01-89  05:37   fonts/source/public/cmextra/cmbxti7.mf
   5248  09-01-89  05:37   fonts/source/public/cmextra/cmcscsl10.mf
   3563  09-01-89  05:37   fonts/source/public/cmextra/cmfibs8.mf
   3564  09-01-89  05:37   fonts/source/public/cmextra/cmitt12.mf
   3565  09-01-89  05:37   fonts/source/public/cmextra/cmitt9.mf
   3700  01-03-93  23:26   fonts/source/public/cmextra/cmsl6.mf
   3697  10-18-91  19:06   fonts/source/public/cmextra/cmsltt9.mf
   3597  09-01-89  05:37   fonts/source/public/cmextra/cmssbxo10.mf
   3576  09-01-89  05:33   fonts/source/public/cmextra/cmsslu30.mf
   3564  09-01-89  05:37   fonts/source/public/cmextra/cmssu30.mf
   3582  09-01-89  05:37   fonts/source/public/cmextra/cmvtti10.mf
  41910  03-06-95  20:58   fonts/source/public/cmextra/ebigop.mf
    217  09-29-90  03:58   fonts/source/public/cmextra/odigs.mf
   3436  03-22-99  13:50   fonts/source/public/mflogo/logo.mf
    367  03-22-99  13:50   fonts/source/public/mflogo/logo10.mf
    381  03-22-99  13:50   fonts/source/public/mflogo/logo8.mf
    382  03-22-99  13:50   fonts/source/public/mflogo/logo9.mf
    392  03-22-99  13:50   fonts/source/public/mflogo/logobf10.mf
    399  03-23-99  12:01   fonts/source/public/mflogo/logod10.mf
     60  03-22-99  13:50   fonts/source/public/mflogo/logosl10.mf
     58  03-23-99  12:54   fonts/source/public/mflogo/logosl8.mf
     58  03-23-99  12:01   fonts/source/public/mflogo/logosl9.mf
   1734  01-13-92  00:00   fonts/source/public/misc/3test.mf
   1836  08-15-89  00:00   fonts/source/public/misc/6test.mf
     57  03-26-95  00:04   fonts/source/public/misc/black.mf
    319  01-17-86  09:43   fonts/source/public/misc/blackaps.mf
    243  03-26-95  00:04   fonts/source/public/misc/blackcx.mf
    258  08-16-89  00:08   fonts/source/public/misc/blackimagen.mf
    333  08-25-92  02:38   fonts/source/public/misc/blacklino.mf
    252  02-17-98  13:01   fonts/source/public/misc/blacklj.mf
  23414  02-22-99  13:28   fonts/source/public/misc/cmman.mf
   1988  01-06-95  09:28   fonts/source/public/misc/dummy.mf
     55  03-26-95  00:04   fonts/source/public/misc/gray.mf
    221  10-08-85  20:02   fonts/source/public/misc/grayaps.mf
    255  03-26-95  00:04   fonts/source/public/misc/graycx.mf
   2881  08-15-89  03:00   fonts/source/public/misc/grayf.mf
    276  08-16-89  00:15   fonts/source/public/misc/grayimagen.mf
    206  08-16-89  00:23   fonts/source/public/misc/grayimagen3.mf
    421  01-17-86  09:45   fonts/source/public/misc/grayimagenlight.mf
    264  02-17-98  13:01   fonts/source/public/misc/graylj.mf
  27071  08-12-92  17:03   fonts/source/public/misc/manfnt.mf
  72673  06-09-92  02:05   fonts/source/public/misc/mfman.mf
    247  03-26-95  00:04   fonts/source/public/misc/oneone.mf
   4566  08-26-86  21:30   fonts/source/public/misc/random.mf
    326  06-08-86  00:00   fonts/source/public/misc/rtest.mf
    929  01-17-86  00:00   fonts/source/public/misc/slant.mf
    198  01-17-86  10:09   fonts/source/public/misc/slantaps4.mf
    195  03-26-95  00:04   fonts/source/public/misc/slantcx4.mf
    194  03-26-95  00:04   fonts/source/public/misc/slantcx6.mf
    210  01-12-92  22:49   fonts/source/public/misc/slantimagen4.mf
    210  08-16-89  00:48   fonts/source/public/misc/slantimagen6.mf
    210  08-25-92  02:38   fonts/source/public/misc/slantlino4.mf
    202  02-17-98  13:01   fonts/source/public/misc/slantlj4.mf
    202  02-17-98  13:02   fonts/source/public/misc/slantlj6.mf
   1187  08-13-89  03:00   fonts/source/public/misc/test.mf
   6510  03-16-92  00:00   fonts/source/public/misc/waits.mf
    171  10-25-96  18:46   fonts/source/public/misc/xbmc10.mf
    332  06-08-86  00:00   fonts/source/public/misc/ztest.mf
   1116  08-14-95  22:28   fonts/tfm/public/cm/cmbsy10.tfm
   1328  08-14-95  22:28   fonts/tfm/public/cm/cmbx10.tfm
   1332  08-14-95  22:29   fonts/tfm/public/cm/cmbx5.tfm
   1344  08-14-95  22:29   fonts/tfm/public/cm/cmbx6.tfm
   1336  08-14-95  22:29   fonts/tfm/public/cm/cmbx7.tfm
   1332  08-14-95  22:29   fonts/tfm/public/cm/cmbx8.tfm
   1328  08-14-95  22:29   fonts/tfm/public/cm/cmbx9.tfm
   1300  08-14-95  22:29   fonts/tfm/public/cm/cmcsc10.tfm
   1296  08-14-95  22:29   fonts/tfm/public/cm/cmdunh10.tfm
    992  08-14-95  22:29   fonts/tfm/public/cm/cmex10.tfm
   1528  08-14-95  22:29   fonts/tfm/public/cm/cmmi10.tfm
   1508  08-14-95  22:29   fonts/tfm/public/cm/cmmi5.tfm
   1512  08-14-95  22:29   fonts/tfm/public/cm/cmmi6.tfm
   1528  08-14-95  22:29   fonts/tfm/public/cm/cmmi7.tfm
   1520  08-14-95  22:29   fonts/tfm/public/cm/cmmi8.tfm
   1524  08-14-95  22:29   fonts/tfm/public/cm/cmmi9.tfm
   1524  08-14-95  22:29   fonts/tfm/public/cm/cmmib10.tfm
   1296  07-19-95  20:31   fonts/tfm/public/cm/cmr10.tfm
   1220  08-14-95  22:29   fonts/tfm/public/cm/cmr5.tfm
   1300  08-14-95  22:30   fonts/tfm/public/cm/cmr6.tfm
   1300  08-14-95  22:30   fonts/tfm/public/cm/cmr7.tfm
   1292  08-14-95  22:30   fonts/tfm/public/cm/cmr8.tfm
   1292  08-14-95  22:30   fonts/tfm/public/cm/cmr9.tfm
   1508  08-14-95  22:30   fonts/tfm/public/cm/cmsl10.tfm
   1504  08-14-95  22:30   fonts/tfm/public/cm/cmsl8.tfm
   1504  08-14-95  22:30   fonts/tfm/public/cm/cmsl9.tfm
    772  08-14-95  22:30   fonts/tfm/public/cm/cmsltt10.tfm
   1316  08-14-95  22:30   fonts/tfm/public/cm/cmss10.tfm
   1272  08-14-95  22:30   fonts/tfm/public/cm/cmssbx10.tfm
   1520  08-14-95  22:30   fonts/tfm/public/cm/cmssi10.tfm
   1304  08-14-95  22:30   fonts/tfm/public/cm/cmssq8.tfm
   1496  08-14-95  22:30   fonts/tfm/public/cm/cmssqi8.tfm
   1124  08-14-95  22:30   fonts/tfm/public/cm/cmsy10.tfm
   1112  08-14-95  22:30   fonts/tfm/public/cm/cmsy5.tfm
   1116  08-14-95  22:30   fonts/tfm/public/cm/cmsy6.tfm
   1120  08-14-95  22:30   fonts/tfm/public/cm/cmsy7.tfm
   1120  08-14-95  22:30   fonts/tfm/public/cm/cmsy8.tfm
   1116  08-14-95  22:31   fonts/tfm/public/cm/cmsy9.tfm
   1480  08-14-95  22:31   fonts/tfm/public/cm/cmti10.tfm
   1492  08-14-95  22:31   fonts/tfm/public/cm/cmti7.tfm
   1504  08-14-95  22:31   fonts/tfm/public/cm/cmti8.tfm
   1476  08-14-95  22:31   fonts/tfm/public/cm/cmti9.tfm
    768  08-14-95  22:31   fonts/tfm/public/cm/cmtt10.tfm
    768  08-14-95  22:31   fonts/tfm/public/cm/cmtt8.tfm
    764  08-14-95  22:31   fonts/tfm/public/cm/cmtt9.tfm
   1276  08-14-95  22:31   fonts/tfm/public/cm/cmu10.tfm
   1100  08-14-95  22:32   fonts/tfm/public/misc/manfnt.tfm
    820  03-08-91  01:00   fonts/tfm/public/latex/lcircle10.tfm
    820  03-08-91  01:00   fonts/tfm/public/latex/lcirclew10.tfm
    748  03-08-91  01:00   fonts/tfm/public/latex/line10.tfm
    748  03-08-91  01:00   fonts/tfm/public/latex/linew10.tfm
    183  03-16-92  20:06   metafont/base/expr.mf
    857  03-16-92  20:06   metafont/base/io.mf
     32  03-23-97  00:15   metafont/base/mf.mf
    221  08-13-89  05:22   metafont/base/null.mf
  22626  02-22-99  13:28   metafont/base/plain.mf
     93  02-22-99  13:28   metafont/config/cmmf.ini
     16  04-11-97  18:34   metafont/config/cmmf.mf
     79  02-22-99  13:28   metafont/config/mf.ini
     14  04-11-97  18:33   metafont/config/mf.mf
   1734  01-13-92  04:49   metafont/misc/3test.mf
   1836  08-15-89  04:21   metafont/misc/6test.mf
    193  07-22-95  10:00   metafont/misc/mode2dpi.mf
    292  07-30-97  23:30   metafont/misc/mode2dpixy.mf
    160  08-02-95  09:04   metafont/misc/modename.mf
  89910  02-22-99  13:28   metafont/misc/modes.mf
    786  04-27-95  19:11   metafont/misc/ps2mfbas.mf
    326  06-08-86  08:44   metafont/misc/rtest.mf
   1187  08-13-89  06:25   metafont/misc/test.mf
   6510  03-16-92  20:06   metafont/misc/waits.mf
    332  06-08-86  08:44   metafont/misc/ztest.mf
   3765  09-06-90  09:36   mft/cmbase.mft
   2153  08-18-92  04:00   mft/e.mft
   6109  12-18-92  02:03   mft/pl.mft
   1668  09-06-90  09:38   mft/plain.mft
     43  09-28-93  22:18   mft/README
     30  04-15-99  21:54   tex/generic/config/fontmath.cfg
     30  04-15-99  21:53   tex/generic/config/fonttext.cfg
   1468  10-22-00  17:06   tex/generic/config/language.dat
  25453  04-15-99  18:47   tex/generic/german/german.sty
  25632  04-15-99  18:47   tex/generic/german/ngerman.sty
  10592  04-30-96  20:20   tex/generic/hyphen/bghyph.tex
  16031  03-22-99  14:09   tex/generic/hyphen/cahyph.tex
   3756  06-19-97  13:44   tex/generic/hyphen/cathyph.tex
  43264  04-30-96  20:20   tex/generic/hyphen/cyhyph.tex
  25981  03-29-99  12:15   tex/generic/hyphen/czhyph.tex
  36965  04-02-98  12:07   tex/generic/hyphen/czhyph2e.tex
    246  08-23-95  13:25   tex/generic/hyphen/czhyphen.ex
  51973  03-08-99  13:49   tex/generic/hyphen/dehyphn.tex
  51345  03-03-99  21:12   tex/generic/hyphen/dehypht.tex
   5426  08-20-94  21:33   tex/generic/hyphen/dkcommon.tex
    787  09-11-94  20:41   tex/generic/hyphen/dkhyph.tex
    787  09-11-94  16:41   tex/generic/hyphen/dkhyphen.tex
    630  08-20-94  21:33   tex/generic/hyphen/dkspecial.tex
    419  03-31-99  14:35   tex/generic/hyphen/dumyhyph.tex
  11053  04-30-96  20:20   tex/generic/hyphen/elhyph.tex
  25025  04-30-96  20:20   tex/generic/hyphen/eohyph.tex
   7063  04-30-96  20:20   tex/generic/hyphen/eshyph.tex
   8683  04-30-96  20:20   tex/generic/hyphen/ethyph.tex
   5021  11-02-98  22:39   tex/generic/hyphen/fi8hyph.tex
   4578  02-22-99  13:28   tex/generic/hyphen/fihyph.tex
     65  08-08-99  20:18   tex/generic/hyphen/fr19998t.tex
  34217  11-04-99  15:21   tex/generic/hyphen/frhyph.tex
     14  07-30-00  21:28   tex/generic/hyphen/frhyphen.tex
   8799  11-21-98  20:17   tex/generic/hyphen/gahyph.tex
  55801  04-30-96  20:20   tex/generic/hyphen/gbhyph.tex
   2797  03-08-99  16:06   tex/generic/hyphen/ghyph31.README
   2797  03-08-99  16:06   tex/generic/hyphen/ghyphen.README
   2841  10-15-97  19:07   tex/generic/hyphen/grhyph.tex
   9755  02-22-99  13:28   tex/generic/hyphen/hrhyph.tex
  23693  11-06-98  16:19   tex/generic/hyphen/huhyph.tex
  27667  02-10-98  22:53   tex/generic/hyphen/hyphen.tex
   9081  02-01-00  10:55   tex/generic/hyphen/hypht1.tex
  46597  10-22-00  12:03   tex/generic/hyphen/icehyph.tex
   3324  02-22-99  13:28   tex/generic/hyphen/inhyph.tex
  31070  04-30-96  20:20   tex/generic/hyphen/ishyph.tex
  11687  04-13-99  12:49   tex/generic/hyphen/ithyph.tex
  10175  08-03-98  16:31   tex/generic/hyphen/ithyphen2.tex
  12086  03-12-99  13:39   tex/generic/hyphen/lahyph.tex
   8443  03-09-99  16:49   tex/generic/hyphen/lahyph7.tex
   8384  03-09-99  16:48   tex/generic/hyphen/lahyph8.tex
  13146  04-30-96  20:20   tex/generic/hyphen/lthyph.tex
   5425  02-26-99  10:21   tex/generic/hyphen/mnhyph.tex
   5425  02-26-99  10:21   tex/generic/hyphen/mnhyphen.tex
  88645  03-20-00  13:29   tex/generic/hyphen/nehyph.tex
  88645  03-20-00  15:26   tex/generic/hyphen/nehyph96.tex
  20464  02-22-99  13:28   tex/generic/hyphen/nohyph.tex
  20141  04-30-96  20:20   tex/generic/hyphen/nohyph1.tex
  20464  02-22-99  13:28   tex/generic/hyphen/nohyph2.tex
  33864  02-22-99  13:28   tex/generic/hyphen/plhyph.tex
   3552  05-16-99  19:37   tex/generic/hyphen/pt8hyph.tex
   3554  05-07-99  11:17   tex/generic/hyphen/pthyph.tex
   4722  04-30-96  20:20   tex/generic/hyphen/rohyph.tex
   8928  11-11-96  16:50   tex/generic/hyphen/rohyphen.tex
   1326  09-14-99  12:12   tex/generic/hyphen/ruhyph.tex
  34449  05-12-95  13:59   tex/generic/hyphen/sehyph.tex
  29438  01-04-99  12:58   tex/generic/hyphen/shhyph.tex
  29438  01-04-99  11:58   tex/generic/hyphen/shhyphl.tex
  10782  12-07-97  16:17   tex/generic/hyphen/sihyph.tex
  10739  10-13-98  06:27   tex/generic/hyphen/sihyph22.tex
  23357  03-29-99  12:17   tex/generic/hyphen/skhyph.tex
  28051  02-18-99  11:40   tex/generic/hyphen/skhyph2e.tex
    207  08-23-95  13:25   tex/generic/hyphen/skhyphen.ex
  13762  06-11-97  17:06   tex/generic/hyphen/sorhyph.tex
   7520  11-04-94  11:22   tex/generic/hyphen/sphyph.tex
  32493  04-30-96  20:20   tex/generic/hyphen/srhyph.tex
  34447  12-30-97  00:53   tex/generic/hyphen/svhyph.tex
   5154  04-30-96  20:20   tex/generic/hyphen/tkhyph.tex
   3805  10-13-98  06:27   tex/generic/hyphen/trhyph.tex
  56183  03-22-99  14:13   tex/generic/hyphen/ukhyph.tex
  56183  09-10-96  12:45   tex/generic/hyphen/ukhyphen.tex
  28365  04-30-96  20:20   tex/generic/hyphen/ushyph.tex
  27667  06-13-91  05:00   tex/generic/hyphen/ushyph1.tex
   3750  06-13-91  05:00   tex/generic/hyphen/ushyph2.tex
     14  07-30-00  21:28   tex/generic/hyphen/ushyphen.tex
    402  02-22-99  13:28   tex/generic/hyphen/zerohyph.tex
  22328  06-15-00  09:33   tex/generic/misc/cmyk-hax.tex
  15445  04-01-00  18:16   tex/generic/misc/epsfx.tex
  12158  03-03-99  13:32   tex/generic/misc/letterspacing.tex
   5965  08-08-96  01:21   tex/generic/misc/localloc.sty
    879  06-10-98  14:13   tex/generic/misc/mproof.tex
    212  08-12-92  17:03   tex/generic/misc/null.tex
  14122  07-23-97  09:18   tex/generic/misc/path.sty
  36563  02-25-97  00:20   tex/generic/misc/poligraf.tex
  28879  11-11-93  23:06   tex/generic/misc/psfig.sty
   3858  03-23-95  09:46   tex/generic/misc/random.tex
  35780  03-30-00  14:54   tex/generic/misc/tap.tex
  13396  03-31-95  17:18   tex/generic/misc/texnames.sty
  24317  04-01-00  18:16   tex/generic/misc/trans.tex
   3201  01-06-90  11:17   tex/plain/base/fontchart.tex
  34827  02-22-99  13:28   tex/plain/base/gkpmac.tex
   4309  02-05-93  17:45   tex/plain/base/letter.tex
   1581  10-06-90  08:23   tex/plain/base/list.tex
   2179  10-06-90  08:23   tex/plain/base/llist.tex
   4110  10-19-91  08:33   tex/plain/base/logmac.tex
  27900  08-12-92  17:03   tex/plain/base/manmac.tex
   2185  08-12-92  17:03   tex/plain/base/mftmac.tex
   8240  01-13-91  04:26   tex/plain/base/picmac.tex
  44335  02-22-99  13:28   tex/plain/base/plain.tex
    412  02-22-99  10:59   tex/plain/base/story.tex
   9226  10-09-96  21:11   tex/plain/base/testfont.tex
  10084  08-12-92  17:04   tex/plain/base/webmac.tex
   1698  06-24-91  22:10   tex/plain/base/wlist.tex
  24299  02-22-99  13:28   tex/plain/misc/arrow.tex
  33524  02-22-99  13:28   tex/plain/misc/btxmac.tex
   3201  01-06-90  11:17   tex/plain/misc/fontchart.tex
   7082  09-22-94  01:07   tex/plain/misc/idxmac.tex
   1581  10-06-90  05:23   tex/plain/misc/list.tex
   2179  10-06-90  05:23   tex/plain/misc/llist.tex
  10350  05-04-95  19:28   tex/plain/misc/mimulcol.tex
    879  06-10-98  23:13   tex/plain/misc/mproof.tex
    658  10-27-91  02:00   tex/plain/misc/scrload.tex
   9259  04-15-91  21:42   tex/plain/misc/testfont.tex
   2778  07-03-92  02:57   tex/plain/misc/verbatim.tex
   5966  06-13-94  21:15   tex/plain/misc/wasyfont.tex
   1698  06-24-91  19:10   tex/plain/misc/wlist.tex
   8554  02-22-99  13:28   tex/plain/misc/xepsf.tex
    496  03-15-00  20:28   hbf2gf/c1so12.cfg
    496  03-15-00  20:28   hbf2gf/c2so12.cfg
    496  03-15-00  20:28   hbf2gf/c3so12.cfg
    496  03-15-00  20:28   hbf2gf/c4so12.cfg
    496  03-15-00  20:29   hbf2gf/c5so12.cfg
    496  03-15-00  20:29   hbf2gf/c6so12.cfg
    496  03-15-00  20:29   hbf2gf/c7so12.cfg
    495  03-15-00  20:29   hbf2gf/csso12.cfg
   5855  06-30-99  10:09   web2c/amiga-pl.tcx
   1024  06-30-99  10:09   web2c/cp1250cs.tcx
   6108  06-30-99  10:09   web2c/cp1250pl.tcx
   5608  06-30-99  10:09   web2c/cp1250t1.tcx
    985  06-30-99  10:09   web2c/cp852-cs.tcx
   6301  06-30-99  10:09   web2c/cp852-pl.tcx
   2738  06-30-99  10:09   web2c/cp8bit.tcx
   5896  06-30-99  10:09   web2c/il1-t1.tcx
    986  06-30-99  10:09   web2c/il2-cs.tcx
   6107  06-30-99  10:09   web2c/il2-pl.tcx
   5650  06-30-99  10:09   web2c/il2-t1.tcx
    920  06-30-99  10:09   web2c/kam-cs.tcx
    895  06-30-99  10:09   web2c/kam-t1.tcx
   6548  06-30-99  10:09   web2c/maz-pl.tcx
    340  01-20-01  22:21   doc/miktex/bmpdemo.dvi
    182  09-07-00  14:00   doc/miktex/bmpdemo.tex
   5428  01-20-01  22:21   doc/miktex/colordemo.dvi
   2082  09-07-00  14:00   doc/miktex/colordemo.tex
    800  01-20-01  22:21   doc/miktex/epsdemo.dvi
    356  12-03-00  20:55   doc/miktex/epsdemo.tex
  14515  01-20-01  22:21   doc/miktex/FAQ.HLP
  18222  01-20-01  22:21   doc/miktex/faq.html
  36248  01-20-01  22:21   doc/miktex/hyperdemo.dvi
   7680  09-07-00  14:00   doc/miktex/hyperdemo.tex
   3192  01-20-01  22:21   doc/miktex/hyperdemo2.dvi
   1307  09-07-00  14:00   doc/miktex/hyperdemo2.tex
      0  12-17-00  22:46   doc/miktex/images/
  25678  09-07-00  14:00   doc/miktex/images/miktex-logo.bmp
  13797  01-20-01  22:21   doc/miktex/images/miktex-logo.eps
    877  01-20-01  22:21   doc/miktex/images/miktex-logo.png
   3598  01-20-01  22:21   doc/miktex/images/miktex-logo.tif
 144040  10-04-00  19:02   doc/miktex/images/mo-general.eps
   4940  10-04-00  19:28   doc/miktex/images/mo-general.png
 163694  10-04-00  19:02   doc/miktex/images/mo-roots.eps
   5676  10-04-00  19:28   doc/miktex/images/mo-roots.png
  16042  09-07-00  14:00   doc/miktex/images/picture.eps
 158802  01-20-01  22:21   doc/miktex/images/setupwiz-addtexmf.eps
   5936  01-20-01  22:21   doc/miktex/images/setupwiz-addtexmf.png
 198928  01-20-01  22:21   doc/miktex/images/setupwiz-compsel.eps
   7238  01-20-01  22:21   doc/miktex/images/setupwiz-compsel.png
 141021  01-20-01  22:21   doc/miktex/images/setupwiz-finish.eps
   5850  01-20-01  22:21   doc/miktex/images/setupwiz-finish.png
 110088  01-20-01  22:21   doc/miktex/images/setupwiz-installdir.eps
   4523  01-20-01  22:21   doc/miktex/images/setupwiz-installdir.png
 147773  01-20-01  22:21   doc/miktex/images/setupwiz-localdir.eps
   5996  01-20-01  22:21   doc/miktex/images/setupwiz-localdir.png
 135854  01-20-01  22:21   doc/miktex/images/setupwiz-path.eps
   5414  01-20-01  22:21   doc/miktex/images/setupwiz-path.png
 179823  01-20-01  22:21   doc/miktex/images/setupwiz-review.eps
   6577  01-20-01  22:21   doc/miktex/images/setupwiz-review.png
 129278  01-20-01  22:21   doc/miktex/images/setupwiz-shared.eps
   5312  01-20-01  22:21   doc/miktex/images/setupwiz-shared.png
 138556  01-20-01  22:21   doc/miktex/images/setupwiz-welcome.eps
   5817  01-20-01  22:21   doc/miktex/images/setupwiz-welcome.png
     28  09-07-00  14:00   doc/miktex/images/tiger.ps.bb
  31775  09-07-00  14:00   doc/miktex/images/tiger.ps.gz
  12056  01-20-01  22:21   doc/miktex/install.html
   4602  01-20-01  22:21   doc/miktex/INSTALL.TXT
 204488  01-20-01  22:21   doc/miktex/miktex.dvi
  98704  01-20-01  22:21   doc/miktex/MIKTEX.HLP
 198913  01-20-01  22:21   doc/miktex/miktex.html
 399497  01-20-01  22:21   doc/miktex/miktex.pdf
  10987  01-20-01  22:08   doc/miktex/mo409.chm
    688  01-20-01  22:21   doc/miktex/mtdemo.dvi
    216  12-17-00  14:16   doc/miktex/mtdemo.tex
  38793  01-20-01  22:21   doc/miktex/news.html
  22990  01-20-01  22:21   doc/miktex/news.txt
  18658  01-20-01  22:21   doc/miktex/readme.html
   9239  01-20-01  22:21   doc/miktex/README.TXT
    508  12-28-00  11:38   doc/miktex/RelNotes.txt
    344  01-20-01  22:21   doc/miktex/tifdemo.dvi
    220  09-07-00  14:00   doc/miktex/tifdemo.tex
  12768  01-20-01  22:21   doc/miktex/tips.dvi
  12639  01-20-01  22:21   doc/miktex/TIPS.HLP
  16174  01-20-01  22:21   doc/miktex/tips.html
  71632  01-20-01  22:19   doc/miktex/yap.dvi
  45577  01-20-01  22:18   doc/miktex/YAP.HLP
 115411  10-04-00  19:26   doc/miktex/yap.html
 ------                    -------
10248723                    684 files
