Archive:  F:/work/miktex/manufacture/ecfonts.zip
 Length    Date    Time    Name
 ------    ----    ----    ----
    492  05-22-00  11:45   doc/fonts/ec/00bugs.txt
   2180  05-22-00  11:45   doc/fonts/ec/00error.txt
   4803  05-22-00  11:45   doc/fonts/ec/00files.txt
   5015  05-22-00  11:45   doc/fonts/ec/00inst.txt
   1709  05-22-00  11:45   doc/fonts/ec/00readme.txt
  11775  02-02-99  12:22   doc/fonts/ec/changelog
   3042  05-22-00  11:45   doc/fonts/ec/copyrite.txt
  19368  05-22-00  11:45   doc/fonts/ec/dc-chg.txt
  23101  05-22-00  11:45   doc/fonts/ec/dcdoc.tex
   3897  02-01-99  01:12   doc/fonts/ec/description
    534  05-22-00  11:45   doc/fonts/ec/ec-chg.txt
  14009  05-22-00  11:45   doc/fonts/ec/ecstdedt.tex
   3518  01-21-99  02:12   doc/fonts/ec/readme.2_0
   1096  01-21-99  02:12   doc/fonts/ec/release.2_3
    778  01-21-99  02:12   doc/fonts/ec/release.2_4
   1817  02-02-99  12:22   doc/fonts/ec/release.2_5
   7284  05-22-00  11:45   doc/fonts/ec/tc-chg.txt
  12807  05-22-00  11:45   doc/fonts/ec/tcstdedt.tex
   6445  01-19-97  19:05   fonts/source/jknappen/ec/ecbi.mf
    126  01-19-97  21:42   fonts/source/jknappen/ec/ecbi0500.mf
    126  01-19-97  21:42   fonts/source/jknappen/ec/ecbi0600.mf
    126  01-19-97  21:42   fonts/source/jknappen/ec/ecbi0700.mf
    126  01-19-97  21:42   fonts/source/jknappen/ec/ecbi0800.mf
    126  01-19-97  21:42   fonts/source/jknappen/ec/ecbi0900.mf
    127  01-19-97  21:42   fonts/source/jknappen/ec/ecbi1000.mf
    130  01-19-97  21:42   fonts/source/jknappen/ec/ecbi1095.mf
    127  01-19-97  21:42   fonts/source/jknappen/ec/ecbi1200.mf
    129  01-19-97  21:42   fonts/source/jknappen/ec/ecbi1440.mf
    130  01-19-97  21:42   fonts/source/jknappen/ec/ecbi1728.mf
    130  01-19-97  21:42   fonts/source/jknappen/ec/ecbi2074.mf
    130  01-19-97  21:42   fonts/source/jknappen/ec/ecbi2488.mf
    130  01-19-97  21:42   fonts/source/jknappen/ec/ecbi2986.mf
    130  01-19-97  21:42   fonts/source/jknappen/ec/ecbi3583.mf
   5836  01-19-97  19:05   fonts/source/jknappen/ec/ecbl.mf
    126  01-19-97  21:42   fonts/source/jknappen/ec/ecbl0500.mf
    126  01-19-97  21:42   fonts/source/jknappen/ec/ecbl0600.mf
    126  01-19-97  21:42   fonts/source/jknappen/ec/ecbl0700.mf
    126  01-19-97  21:42   fonts/source/jknappen/ec/ecbl0800.mf
    126  01-19-97  21:42   fonts/source/jknappen/ec/ecbl0900.mf
    127  01-19-97  21:42   fonts/source/jknappen/ec/ecbl1000.mf
    130  01-19-97  21:42   fonts/source/jknappen/ec/ecbl1095.mf
    127  01-19-97  21:42   fonts/source/jknappen/ec/ecbl1200.mf
    129  01-19-97  21:42   fonts/source/jknappen/ec/ecbl1440.mf
    130  01-19-97  21:42   fonts/source/jknappen/ec/ecbl1728.mf
    130  01-19-97  21:42   fonts/source/jknappen/ec/ecbl2074.mf
    130  01-19-97  21:42   fonts/source/jknappen/ec/ecbl2488.mf
    130  01-19-97  21:42   fonts/source/jknappen/ec/ecbl2986.mf
    130  01-19-97  21:42   fonts/source/jknappen/ec/ecbl3583.mf
   6254  01-19-97  19:05   fonts/source/jknappen/ec/ecbm.mf
   5823  01-19-97  19:05   fonts/source/jknappen/ec/ecbx.mf
    126  01-19-97  21:42   fonts/source/jknappen/ec/ecbx0500.mf
    126  01-19-97  21:42   fonts/source/jknappen/ec/ecbx0600.mf
    126  01-19-97  21:42   fonts/source/jknappen/ec/ecbx0700.mf
    126  01-19-97  21:42   fonts/source/jknappen/ec/ecbx0800.mf
    126  01-19-97  21:42   fonts/source/jknappen/ec/ecbx0900.mf
    127  01-19-97  21:42   fonts/source/jknappen/ec/ecbx1000.mf
    130  01-19-97  21:42   fonts/source/jknappen/ec/ecbx1095.mf
    127  01-19-97  21:42   fonts/source/jknappen/ec/ecbx1200.mf
    129  01-19-97  21:42   fonts/source/jknappen/ec/ecbx1440.mf
    130  01-19-97  21:42   fonts/source/jknappen/ec/ecbx1728.mf
    130  01-19-97  21:42   fonts/source/jknappen/ec/ecbx2074.mf
    130  01-19-97  21:42   fonts/source/jknappen/ec/ecbx2488.mf
    130  01-19-97  21:42   fonts/source/jknappen/ec/ecbx2986.mf
    130  01-19-97  21:42   fonts/source/jknappen/ec/ecbx3583.mf
   9095  01-19-97  19:05   fonts/source/jknappen/ec/eccc.mf
    126  01-19-97  21:42   fonts/source/jknappen/ec/eccc0500.mf
    126  01-19-97  21:42   fonts/source/jknappen/ec/eccc0600.mf
    126  01-19-97  21:42   fonts/source/jknappen/ec/eccc0700.mf
    126  01-19-97  21:42   fonts/source/jknappen/ec/eccc0800.mf
    126  01-19-97  21:42   fonts/source/jknappen/ec/eccc0900.mf
    127  01-19-97  21:42   fonts/source/jknappen/ec/eccc1000.mf
    130  01-19-97  21:42   fonts/source/jknappen/ec/eccc1095.mf
    127  01-19-97  21:42   fonts/source/jknappen/ec/eccc1200.mf
    129  01-19-97  21:42   fonts/source/jknappen/ec/eccc1440.mf
    130  01-19-97  21:42   fonts/source/jknappen/ec/eccc1728.mf
    130  01-19-97  21:42   fonts/source/jknappen/ec/eccc2074.mf
    130  01-19-97  21:42   fonts/source/jknappen/ec/eccc2488.mf
    130  01-19-97  21:42   fonts/source/jknappen/ec/eccc2986.mf
    130  01-19-97  21:42   fonts/source/jknappen/ec/eccc3583.mf
   4998  01-19-97  19:05   fonts/source/jknappen/ec/ecci.mf
    126  01-19-97  21:42   fonts/source/jknappen/ec/ecci0500.mf
    126  01-19-97  21:42   fonts/source/jknappen/ec/ecci0600.mf
    126  01-19-97  21:42   fonts/source/jknappen/ec/ecci0700.mf
    126  01-19-97  21:42   fonts/source/jknappen/ec/ecci0800.mf
    126  01-19-97  21:42   fonts/source/jknappen/ec/ecci0900.mf
    127  01-19-97  21:42   fonts/source/jknappen/ec/ecci1000.mf
    130  01-19-97  21:42   fonts/source/jknappen/ec/ecci1095.mf
    127  01-19-97  21:42   fonts/source/jknappen/ec/ecci1200.mf
    129  01-19-97  21:42   fonts/source/jknappen/ec/ecci1440.mf
    130  01-19-97  21:42   fonts/source/jknappen/ec/ecci1728.mf
    130  01-19-97  21:42   fonts/source/jknappen/ec/ecci2074.mf
    130  01-19-97  21:42   fonts/source/jknappen/ec/ecci2488.mf
    130  01-19-97  21:42   fonts/source/jknappen/ec/ecci2986.mf
    130  01-19-97  21:42   fonts/source/jknappen/ec/ecci3583.mf
   6259  01-19-97  19:05   fonts/source/jknappen/ec/ecdh.mf
    126  01-19-97  21:42   fonts/source/jknappen/ec/ecdh0500.mf
    126  01-19-97  21:42   fonts/source/jknappen/ec/ecdh0600.mf
    126  01-19-97  21:42   fonts/source/jknappen/ec/ecdh0700.mf
    126  01-19-97  21:42   fonts/source/jknappen/ec/ecdh0800.mf
    126  01-19-97  21:42   fonts/source/jknappen/ec/ecdh0900.mf
    127  01-19-97  21:42   fonts/source/jknappen/ec/ecdh1000.mf
    130  01-19-97  21:42   fonts/source/jknappen/ec/ecdh1095.mf
    127  01-19-97  21:42   fonts/source/jknappen/ec/ecdh1200.mf
    129  01-19-97  21:42   fonts/source/jknappen/ec/ecdh1440.mf
    130  01-19-97  21:42   fonts/source/jknappen/ec/ecdh1728.mf
    130  01-19-97  21:42   fonts/source/jknappen/ec/ecdh2074.mf
    130  01-19-97  21:42   fonts/source/jknappen/ec/ecdh2488.mf
    130  01-19-97  21:42   fonts/source/jknappen/ec/ecdh2986.mf
    130  01-19-97  21:42   fonts/source/jknappen/ec/ecdh3583.mf
   4757  01-19-97  19:06   fonts/source/jknappen/ec/ecfb.mf
   4543  01-19-97  19:06   fonts/source/jknappen/ec/ecff.mf
   4542  01-19-97  19:06   fonts/source/jknappen/ec/ecfi.mf
   4772  01-19-97  19:06   fonts/source/jknappen/ec/ecfs.mf
   4549  01-19-97  19:06   fonts/source/jknappen/ec/ecit.mf
    126  01-19-97  21:42   fonts/source/jknappen/ec/ecit0800.mf
    126  01-19-97  21:42   fonts/source/jknappen/ec/ecit0900.mf
    127  01-19-97  21:42   fonts/source/jknappen/ec/ecit1000.mf
    130  01-19-97  21:42   fonts/source/jknappen/ec/ecit1095.mf
    127  01-19-97  21:42   fonts/source/jknappen/ec/ecit1200.mf
    129  01-19-97  21:42   fonts/source/jknappen/ec/ecit1440.mf
    130  01-19-97  21:42   fonts/source/jknappen/ec/ecit1728.mf
    130  01-19-97  21:42   fonts/source/jknappen/ec/ecit2074.mf
    130  01-19-97  21:42   fonts/source/jknappen/ec/ecit2488.mf
    130  01-19-97  21:42   fonts/source/jknappen/ec/ecit2986.mf
    130  01-19-97  21:42   fonts/source/jknappen/ec/ecit3583.mf
   1764  01-19-97  19:06   fonts/source/jknappen/ec/eclb8.mf
   1832  01-19-97  19:06   fonts/source/jknappen/ec/ecli8.mf
   1786  01-19-97  19:07   fonts/source/jknappen/ec/eclo8.mf
   1809  01-19-97  19:07   fonts/source/jknappen/ec/eclq8.mf
   1821  01-19-97  19:07   fonts/source/jknappen/ec/ecltt8.mf
   9053  01-19-97  19:07   fonts/source/jknappen/ec/ecoc.mf
    126  01-19-97  21:42   fonts/source/jknappen/ec/ecoc0500.mf
    126  01-19-97  21:42   fonts/source/jknappen/ec/ecoc0600.mf
    126  01-19-97  21:42   fonts/source/jknappen/ec/ecoc0700.mf
    126  01-19-97  21:42   fonts/source/jknappen/ec/ecoc0800.mf
    126  01-19-97  21:42   fonts/source/jknappen/ec/ecoc0900.mf
    127  01-19-97  21:42   fonts/source/jknappen/ec/ecoc1000.mf
    130  01-19-97  21:42   fonts/source/jknappen/ec/ecoc1095.mf
    127  01-19-97  21:42   fonts/source/jknappen/ec/ecoc1200.mf
    129  01-19-97  21:42   fonts/source/jknappen/ec/ecoc1440.mf
    130  01-19-97  21:42   fonts/source/jknappen/ec/ecoc1728.mf
    130  01-19-97  21:42   fonts/source/jknappen/ec/ecoc2074.mf
    130  01-19-97  21:42   fonts/source/jknappen/ec/ecoc2488.mf
    130  01-19-97  21:42   fonts/source/jknappen/ec/ecoc2986.mf
    130  01-19-97  21:42   fonts/source/jknappen/ec/ecoc3583.mf
   1774  01-19-97  19:07   fonts/source/jknappen/ec/ecqi8.mf
   6047  01-19-97  19:07   fonts/source/jknappen/ec/ecrb.mf
    126  01-19-97  21:42   fonts/source/jknappen/ec/ecrb0500.mf
    126  01-19-97  21:42   fonts/source/jknappen/ec/ecrb0600.mf
    126  01-19-97  21:42   fonts/source/jknappen/ec/ecrb0700.mf
    126  01-19-97  21:42   fonts/source/jknappen/ec/ecrb0800.mf
    126  01-19-97  21:42   fonts/source/jknappen/ec/ecrb0900.mf
    127  01-19-97  21:42   fonts/source/jknappen/ec/ecrb1000.mf
    130  01-19-97  21:42   fonts/source/jknappen/ec/ecrb1095.mf
    127  01-19-97  21:42   fonts/source/jknappen/ec/ecrb1200.mf
    129  01-19-97  21:42   fonts/source/jknappen/ec/ecrb1440.mf
    130  01-19-97  21:42   fonts/source/jknappen/ec/ecrb1728.mf
    130  01-19-97  21:42   fonts/source/jknappen/ec/ecrb2074.mf
    130  01-19-97  21:42   fonts/source/jknappen/ec/ecrb2488.mf
    130  01-19-97  21:42   fonts/source/jknappen/ec/ecrb2986.mf
    130  01-19-97  21:42   fonts/source/jknappen/ec/ecrb3583.mf
   6359  01-19-97  19:07   fonts/source/jknappen/ec/ecrm.mf
    126  01-19-97  21:42   fonts/source/jknappen/ec/ecrm0500.mf
    126  01-19-97  21:42   fonts/source/jknappen/ec/ecrm0600.mf
    126  01-19-97  21:42   fonts/source/jknappen/ec/ecrm0700.mf
    126  01-19-97  21:42   fonts/source/jknappen/ec/ecrm0800.mf
    126  01-19-97  21:42   fonts/source/jknappen/ec/ecrm0900.mf
    127  01-19-97  21:42   fonts/source/jknappen/ec/ecrm1000.mf
    130  01-19-97  21:42   fonts/source/jknappen/ec/ecrm1095.mf
    127  01-19-97  21:42   fonts/source/jknappen/ec/ecrm1200.mf
    129  01-19-97  21:42   fonts/source/jknappen/ec/ecrm1440.mf
    130  01-19-97  21:42   fonts/source/jknappen/ec/ecrm1728.mf
    130  01-19-97  21:42   fonts/source/jknappen/ec/ecrm2074.mf
    130  01-19-97  21:42   fonts/source/jknappen/ec/ecrm2488.mf
    130  01-19-97  21:42   fonts/source/jknappen/ec/ecrm2986.mf
    130  01-19-97  21:42   fonts/source/jknappen/ec/ecrm3583.mf
   9058  01-19-97  19:07   fonts/source/jknappen/ec/ecsc.mf
    126  01-19-97  21:42   fonts/source/jknappen/ec/ecsc0500.mf
    126  01-19-97  21:42   fonts/source/jknappen/ec/ecsc0600.mf
    126  01-19-97  21:42   fonts/source/jknappen/ec/ecsc0700.mf
    126  01-19-97  21:42   fonts/source/jknappen/ec/ecsc0800.mf
    126  01-19-97  21:42   fonts/source/jknappen/ec/ecsc0900.mf
    127  01-19-97  21:42   fonts/source/jknappen/ec/ecsc1000.mf
    130  01-19-97  21:42   fonts/source/jknappen/ec/ecsc1095.mf
    127  01-19-97  21:42   fonts/source/jknappen/ec/ecsc1200.mf
    129  01-19-97  21:42   fonts/source/jknappen/ec/ecsc1440.mf
    130  01-19-97  21:42   fonts/source/jknappen/ec/ecsc1728.mf
    130  01-19-97  21:42   fonts/source/jknappen/ec/ecsc2074.mf
    130  01-19-97  21:42   fonts/source/jknappen/ec/ecsc2488.mf
    130  01-19-97  21:42   fonts/source/jknappen/ec/ecsc2986.mf
    130  01-19-97  21:42   fonts/source/jknappen/ec/ecsc3583.mf
   4978  01-19-97  19:07   fonts/source/jknappen/ec/ecsi.mf
    126  01-19-97  21:42   fonts/source/jknappen/ec/ecsi0500.mf
    126  01-19-97  21:42   fonts/source/jknappen/ec/ecsi0600.mf
    126  01-19-97  21:42   fonts/source/jknappen/ec/ecsi0700.mf
    126  01-19-97  21:42   fonts/source/jknappen/ec/ecsi0800.mf
    126  01-19-97  21:42   fonts/source/jknappen/ec/ecsi0900.mf
    127  01-19-97  21:42   fonts/source/jknappen/ec/ecsi1000.mf
    130  01-19-97  21:42   fonts/source/jknappen/ec/ecsi1095.mf
    127  01-19-97  21:42   fonts/source/jknappen/ec/ecsi1200.mf
    129  01-19-97  21:42   fonts/source/jknappen/ec/ecsi1440.mf
    130  01-19-97  21:42   fonts/source/jknappen/ec/ecsi1728.mf
    130  01-19-97  21:42   fonts/source/jknappen/ec/ecsi2074.mf
    130  01-19-97  21:42   fonts/source/jknappen/ec/ecsi2488.mf
    130  01-19-97  21:42   fonts/source/jknappen/ec/ecsi2986.mf
    130  01-19-97  21:42   fonts/source/jknappen/ec/ecsi3583.mf
   6361  01-19-97  19:07   fonts/source/jknappen/ec/ecsl.mf
    126  01-19-97  21:42   fonts/source/jknappen/ec/ecsl0500.mf
    126  01-19-97  21:42   fonts/source/jknappen/ec/ecsl0600.mf
    126  01-19-97  21:42   fonts/source/jknappen/ec/ecsl0700.mf
    126  01-19-97  21:42   fonts/source/jknappen/ec/ecsl0800.mf
    126  01-19-97  21:42   fonts/source/jknappen/ec/ecsl0900.mf
    127  01-19-97  21:42   fonts/source/jknappen/ec/ecsl1000.mf
    130  01-19-97  21:42   fonts/source/jknappen/ec/ecsl1095.mf
    127  01-19-97  21:42   fonts/source/jknappen/ec/ecsl1200.mf
    129  01-19-97  21:42   fonts/source/jknappen/ec/ecsl1440.mf
    130  01-19-97  21:42   fonts/source/jknappen/ec/ecsl1728.mf
    130  01-19-97  21:42   fonts/source/jknappen/ec/ecsl2074.mf
    130  01-19-97  21:42   fonts/source/jknappen/ec/ecsl2488.mf
    130  01-19-97  21:42   fonts/source/jknappen/ec/ecsl2986.mf
    130  01-19-97  21:42   fonts/source/jknappen/ec/ecsl3583.mf
   4770  01-19-97  19:08   fonts/source/jknappen/ec/ecso.mf
    126  01-19-97  21:42   fonts/source/jknappen/ec/ecso0500.mf
    126  01-19-97  21:42   fonts/source/jknappen/ec/ecso0600.mf
    126  01-19-97  21:42   fonts/source/jknappen/ec/ecso0700.mf
    126  01-19-97  21:42   fonts/source/jknappen/ec/ecso0800.mf
    126  01-19-97  21:42   fonts/source/jknappen/ec/ecso0900.mf
    127  01-19-97  21:42   fonts/source/jknappen/ec/ecso1000.mf
    130  01-19-97  21:42   fonts/source/jknappen/ec/ecso1095.mf
    127  01-19-97  21:42   fonts/source/jknappen/ec/ecso1200.mf
    129  01-19-97  21:42   fonts/source/jknappen/ec/ecso1440.mf
    130  01-19-97  21:42   fonts/source/jknappen/ec/ecso1728.mf
    130  01-19-97  21:42   fonts/source/jknappen/ec/ecso2074.mf
    130  01-19-97  21:42   fonts/source/jknappen/ec/ecso2488.mf
    130  01-19-97  21:42   fonts/source/jknappen/ec/ecso2986.mf
    130  01-19-97  21:42   fonts/source/jknappen/ec/ecso3583.mf
   1750  01-19-97  19:08   fonts/source/jknappen/ec/ecsq8.mf
   4953  01-19-97  19:08   fonts/source/jknappen/ec/ecss.mf
    126  01-19-97  21:42   fonts/source/jknappen/ec/ecss0500.mf
    126  01-19-97  21:42   fonts/source/jknappen/ec/ecss0600.mf
    126  01-19-97  21:42   fonts/source/jknappen/ec/ecss0700.mf
    126  01-19-97  21:42   fonts/source/jknappen/ec/ecss0800.mf
    126  01-19-97  21:42   fonts/source/jknappen/ec/ecss0900.mf
    127  01-19-97  21:42   fonts/source/jknappen/ec/ecss1000.mf
    130  01-19-97  21:42   fonts/source/jknappen/ec/ecss1095.mf
    127  01-19-97  21:42   fonts/source/jknappen/ec/ecss1200.mf
    129  01-19-97  21:42   fonts/source/jknappen/ec/ecss1440.mf
    130  01-19-97  21:42   fonts/source/jknappen/ec/ecss1728.mf
    130  01-19-97  21:42   fonts/source/jknappen/ec/ecss2074.mf
    130  01-19-97  21:42   fonts/source/jknappen/ec/ecss2488.mf
    130  01-19-97  21:42   fonts/source/jknappen/ec/ecss2986.mf
    130  01-19-97  21:42   fonts/source/jknappen/ec/ecss3583.mf
   1758  01-19-97  19:08   fonts/source/jknappen/ec/ecssdc10.mf
   4551  01-19-97  19:08   fonts/source/jknappen/ec/ecst.mf
    126  01-19-97  21:42   fonts/source/jknappen/ec/ecst0800.mf
    126  01-19-97  21:42   fonts/source/jknappen/ec/ecst0900.mf
    127  01-19-97  21:42   fonts/source/jknappen/ec/ecst1000.mf
    130  01-19-97  21:42   fonts/source/jknappen/ec/ecst1095.mf
    127  01-19-97  21:42   fonts/source/jknappen/ec/ecst1200.mf
    129  01-19-97  21:42   fonts/source/jknappen/ec/ecst1440.mf
    130  01-19-97  21:42   fonts/source/jknappen/ec/ecst1728.mf
    130  01-19-97  21:42   fonts/source/jknappen/ec/ecst2074.mf
    130  01-19-97  21:42   fonts/source/jknappen/ec/ecst2488.mf
    130  01-19-97  21:42   fonts/source/jknappen/ec/ecst2986.mf
    130  01-19-97  21:42   fonts/source/jknappen/ec/ecst3583.mf
   4749  01-19-97  19:08   fonts/source/jknappen/ec/ecsx.mf
    126  01-19-97  21:42   fonts/source/jknappen/ec/ecsx0500.mf
    126  01-19-97  21:42   fonts/source/jknappen/ec/ecsx0600.mf
    126  01-19-97  21:42   fonts/source/jknappen/ec/ecsx0700.mf
    126  01-19-97  21:42   fonts/source/jknappen/ec/ecsx0800.mf
    126  01-19-97  21:42   fonts/source/jknappen/ec/ecsx0900.mf
    127  01-19-97  21:42   fonts/source/jknappen/ec/ecsx1000.mf
    130  01-19-97  21:42   fonts/source/jknappen/ec/ecsx1095.mf
    127  01-19-97  21:42   fonts/source/jknappen/ec/ecsx1200.mf
    129  01-19-97  21:42   fonts/source/jknappen/ec/ecsx1440.mf
    130  01-19-97  21:42   fonts/source/jknappen/ec/ecsx1728.mf
    130  01-19-97  21:42   fonts/source/jknappen/ec/ecsx2074.mf
    130  01-19-97  21:42   fonts/source/jknappen/ec/ecsx2488.mf
    130  01-19-97  21:42   fonts/source/jknappen/ec/ecsx2986.mf
    130  01-19-97  21:42   fonts/source/jknappen/ec/ecsx3583.mf
   6555  01-19-97  19:09   fonts/source/jknappen/ec/ectc.mf
    126  01-19-97  21:42   fonts/source/jknappen/ec/ectc0800.mf
    126  01-19-97  21:42   fonts/source/jknappen/ec/ectc0900.mf
    127  01-19-97  21:42   fonts/source/jknappen/ec/ectc1000.mf
    130  01-19-97  21:42   fonts/source/jknappen/ec/ectc1095.mf
    127  01-19-97  21:42   fonts/source/jknappen/ec/ectc1200.mf
    129  01-19-97  21:42   fonts/source/jknappen/ec/ectc1440.mf
    130  01-19-97  21:42   fonts/source/jknappen/ec/ectc1728.mf
    130  01-19-97  21:42   fonts/source/jknappen/ec/ectc2074.mf
    130  01-19-97  21:42   fonts/source/jknappen/ec/ectc2488.mf
    130  01-19-97  21:42   fonts/source/jknappen/ec/ectc2986.mf
    130  01-19-97  21:42   fonts/source/jknappen/ec/ectc3583.mf
   4983  01-19-97  19:09   fonts/source/jknappen/ec/ecti.mf
    126  01-19-97  21:42   fonts/source/jknappen/ec/ecti0500.mf
    126  01-19-97  21:42   fonts/source/jknappen/ec/ecti0600.mf
    126  01-19-97  21:42   fonts/source/jknappen/ec/ecti0700.mf
    126  01-19-97  21:42   fonts/source/jknappen/ec/ecti0800.mf
    126  01-19-97  21:42   fonts/source/jknappen/ec/ecti0900.mf
    127  01-19-97  21:42   fonts/source/jknappen/ec/ecti1000.mf
    130  01-19-97  21:42   fonts/source/jknappen/ec/ecti1095.mf
    127  01-19-97  21:42   fonts/source/jknappen/ec/ecti1200.mf
    129  01-19-97  21:42   fonts/source/jknappen/ec/ecti1440.mf
    130  01-19-97  21:42   fonts/source/jknappen/ec/ecti1728.mf
    130  01-19-97  21:42   fonts/source/jknappen/ec/ecti2074.mf
    130  01-19-97  21:42   fonts/source/jknappen/ec/ecti2488.mf
    130  01-19-97  21:42   fonts/source/jknappen/ec/ecti2986.mf
    130  01-19-97  21:42   fonts/source/jknappen/ec/ecti3583.mf
   4539  01-19-97  19:09   fonts/source/jknappen/ec/ectt.mf
    126  01-19-97  21:42   fonts/source/jknappen/ec/ectt0800.mf
    126  01-19-97  21:42   fonts/source/jknappen/ec/ectt0900.mf
    127  01-19-97  21:42   fonts/source/jknappen/ec/ectt1000.mf
    130  01-19-97  21:42   fonts/source/jknappen/ec/ectt1095.mf
    127  01-19-97  21:42   fonts/source/jknappen/ec/ectt1200.mf
    129  01-19-97  21:42   fonts/source/jknappen/ec/ectt1440.mf
    130  01-19-97  21:42   fonts/source/jknappen/ec/ectt1728.mf
    130  01-19-97  21:42   fonts/source/jknappen/ec/ectt2074.mf
    130  01-19-97  21:42   fonts/source/jknappen/ec/ectt2488.mf
    130  01-19-97  21:42   fonts/source/jknappen/ec/ectt2986.mf
    130  01-19-97  21:42   fonts/source/jknappen/ec/ectt3583.mf
   6256  01-19-97  19:09   fonts/source/jknappen/ec/ecui.mf
    126  01-19-97  21:42   fonts/source/jknappen/ec/ecui0500.mf
    126  01-19-97  21:42   fonts/source/jknappen/ec/ecui0600.mf
    126  01-19-97  21:42   fonts/source/jknappen/ec/ecui0700.mf
    126  01-19-97  21:42   fonts/source/jknappen/ec/ecui0800.mf
    126  01-19-97  21:42   fonts/source/jknappen/ec/ecui0900.mf
    127  01-19-97  21:42   fonts/source/jknappen/ec/ecui1000.mf
    130  01-19-97  21:42   fonts/source/jknappen/ec/ecui1095.mf
    127  01-19-97  21:42   fonts/source/jknappen/ec/ecui1200.mf
    129  01-19-97  21:42   fonts/source/jknappen/ec/ecui1440.mf
    130  01-19-97  21:42   fonts/source/jknappen/ec/ecui1728.mf
    130  01-19-97  21:42   fonts/source/jknappen/ec/ecui2074.mf
    130  01-19-97  21:42   fonts/source/jknappen/ec/ecui2488.mf
    130  01-19-97  21:42   fonts/source/jknappen/ec/ecui2986.mf
    130  01-19-97  21:42   fonts/source/jknappen/ec/ecui3583.mf
   4498  01-07-97  17:51   fonts/source/jknappen/ec/ecvi.mf
    126  01-19-97  21:42   fonts/source/jknappen/ec/ecvi0800.mf
    126  01-19-97  21:42   fonts/source/jknappen/ec/ecvi0900.mf
    127  01-19-97  21:42   fonts/source/jknappen/ec/ecvi1000.mf
    130  01-19-97  21:42   fonts/source/jknappen/ec/ecvi1095.mf
    127  01-19-97  21:42   fonts/source/jknappen/ec/ecvi1200.mf
    129  01-19-97  21:42   fonts/source/jknappen/ec/ecvi1440.mf
    130  01-19-97  21:42   fonts/source/jknappen/ec/ecvi1728.mf
    130  01-19-97  21:42   fonts/source/jknappen/ec/ecvi2074.mf
    130  01-19-97  21:42   fonts/source/jknappen/ec/ecvi2488.mf
    130  01-19-97  21:42   fonts/source/jknappen/ec/ecvi2986.mf
    130  01-19-97  21:42   fonts/source/jknappen/ec/ecvi3583.mf
   4529  01-19-97  19:09   fonts/source/jknappen/ec/ecvt.mf
    126  01-19-97  21:42   fonts/source/jknappen/ec/ecvt0800.mf
    126  01-19-97  21:42   fonts/source/jknappen/ec/ecvt0900.mf
    127  01-19-97  21:42   fonts/source/jknappen/ec/ecvt1000.mf
    130  01-19-97  21:42   fonts/source/jknappen/ec/ecvt1095.mf
    127  01-19-97  21:42   fonts/source/jknappen/ec/ecvt1200.mf
    129  01-19-97  21:42   fonts/source/jknappen/ec/ecvt1440.mf
    130  01-19-97  21:42   fonts/source/jknappen/ec/ecvt1728.mf
    130  01-19-97  21:42   fonts/source/jknappen/ec/ecvt2074.mf
    130  01-19-97  21:42   fonts/source/jknappen/ec/ecvt2488.mf
    130  01-19-97  21:42   fonts/source/jknappen/ec/ecvt2986.mf
    130  01-19-97  21:42   fonts/source/jknappen/ec/ecvt3583.mf
   8977  01-19-97  19:09   fonts/source/jknappen/ec/ecxc.mf
    126  01-19-97  21:42   fonts/source/jknappen/ec/ecxc0500.mf
    126  01-19-97  21:42   fonts/source/jknappen/ec/ecxc0600.mf
    126  01-19-97  21:42   fonts/source/jknappen/ec/ecxc0700.mf
    126  01-19-97  21:42   fonts/source/jknappen/ec/ecxc0800.mf
    126  01-19-97  21:42   fonts/source/jknappen/ec/ecxc0900.mf
    127  01-19-97  21:42   fonts/source/jknappen/ec/ecxc1000.mf
    130  01-19-97  21:42   fonts/source/jknappen/ec/ecxc1095.mf
    127  01-19-97  21:42   fonts/source/jknappen/ec/ecxc1200.mf
    129  01-19-97  21:42   fonts/source/jknappen/ec/ecxc1440.mf
    130  01-19-97  21:42   fonts/source/jknappen/ec/ecxc1728.mf
    130  01-19-97  21:42   fonts/source/jknappen/ec/ecxc2074.mf
    130  01-19-97  21:42   fonts/source/jknappen/ec/ecxc2488.mf
    130  01-19-97  21:42   fonts/source/jknappen/ec/ecxc2986.mf
    130  01-19-97  21:42   fonts/source/jknappen/ec/ecxc3583.mf
   3752  01-19-97  19:09   fonts/source/jknappen/ec/exaccent.mf
  37536  01-19-97  19:11   fonts/source/jknappen/ec/exaccess.mf
  52157  01-19-97  19:11   fonts/source/jknappen/ec/exbase.mf
   9757  01-19-97  19:11   fonts/source/jknappen/ec/exbraces.mf
   7581  01-19-97  21:24   fonts/source/jknappen/ec/excligtb.mf
   3574  01-19-97  21:26   fonts/source/jknappen/ec/excsc.mf
  10630  01-19-97  19:11   fonts/source/jknappen/ec/excspl.mf
  12246  01-19-97  19:11   fonts/source/jknappen/ec/exidigit.mf
  29081  01-19-97  19:11   fonts/source/jknappen/ec/exileast.mf
  11579  01-19-97  19:11   fonts/source/jknappen/ec/exilig.mf
   7576  01-19-97  21:07   fonts/source/jknappen/ec/exiligtb.mf
  22489  01-19-97  19:11   fonts/source/jknappen/ec/exillett.mf
  29528  01-19-97  19:12   fonts/source/jknappen/ec/exilwest.mf
   2961  01-19-97  19:12   fonts/source/jknappen/ec/exisixts.mf
   4219  01-19-97  19:12   fonts/source/jknappen/ec/exitalp.mf
    952  01-19-97  19:12   fonts/source/jknappen/ec/exmligtb.mf
   3212  01-19-97  19:13   fonts/source/jknappen/ec/expseudo.mf
  11574  01-19-97  19:53   fonts/source/jknappen/ec/expunct.mf
  14974  01-19-97  19:13   fonts/source/jknappen/ec/exrdigit.mf
  52050  01-19-97  19:13   fonts/source/jknappen/ec/exrleast.mf
   9844  01-19-97  19:13   fonts/source/jknappen/ec/exrlig.mf
  10142  01-19-97  21:03   fonts/source/jknappen/ec/exrligtb.mf
  39732  01-19-97  19:13   fonts/source/jknappen/ec/exrllett.mf
  52110  01-19-97  19:13   fonts/source/jknappen/ec/exrlwest.mf
   2293  01-19-97  18:42   fonts/source/jknappen/ec/exroman.mf
   4622  01-19-97  19:13   fonts/source/jknappen/ec/exromp.mf
  44920  01-19-97  19:13   fonts/source/jknappen/ec/exrueast.mf
  36144  01-19-97  19:14   fonts/source/jknappen/ec/exrulett.mf
  44016  01-19-97  19:14   fonts/source/jknappen/ec/exruwest.mf
  10072  01-19-97  19:14   fonts/source/jknappen/ec/exsign.mf
   2954  01-19-97  19:15   fonts/source/jknappen/ec/exsixtst.mf
   2229  01-19-97  18:43   fonts/source/jknappen/ec/extextit.mf
   1822  01-19-97  19:15   fonts/source/jknappen/ec/ieclb8.mf
   1889  01-19-97  19:15   fonts/source/jknappen/ec/iecli8.mf
   1844  01-19-97  19:15   fonts/source/jknappen/ec/ieclo8.mf
   1866  01-19-97  19:15   fonts/source/jknappen/ec/ieclq8.mf
   1834  01-19-97  19:15   fonts/source/jknappen/ec/iecltt8.mf
   6434  01-19-97  19:15   fonts/source/jknappen/ec/tcbi.mf
    126  01-19-97  21:43   fonts/source/jknappen/ec/tcbi0500.mf
    126  01-19-97  21:43   fonts/source/jknappen/ec/tcbi0600.mf
    126  01-19-97  21:43   fonts/source/jknappen/ec/tcbi0700.mf
    126  01-19-97  21:43   fonts/source/jknappen/ec/tcbi0800.mf
    126  01-19-97  21:43   fonts/source/jknappen/ec/tcbi0900.mf
    127  01-19-97  21:43   fonts/source/jknappen/ec/tcbi1000.mf
    130  01-19-97  21:43   fonts/source/jknappen/ec/tcbi1095.mf
    127  01-19-97  21:43   fonts/source/jknappen/ec/tcbi1200.mf
    129  01-19-97  21:43   fonts/source/jknappen/ec/tcbi1440.mf
    130  01-19-97  21:43   fonts/source/jknappen/ec/tcbi1728.mf
    130  01-19-97  21:43   fonts/source/jknappen/ec/tcbi2074.mf
    130  01-19-97  21:43   fonts/source/jknappen/ec/tcbi2488.mf
    130  01-19-97  21:43   fonts/source/jknappen/ec/tcbi2986.mf
    130  01-19-97  21:43   fonts/source/jknappen/ec/tcbi3583.mf
   5821  01-19-97  19:16   fonts/source/jknappen/ec/tcbl.mf
    126  01-19-97  21:42   fonts/source/jknappen/ec/tcbl0500.mf
    126  01-19-97  21:42   fonts/source/jknappen/ec/tcbl0600.mf
    126  01-19-97  21:42   fonts/source/jknappen/ec/tcbl0700.mf
    126  01-19-97  21:42   fonts/source/jknappen/ec/tcbl0800.mf
    126  01-19-97  21:42   fonts/source/jknappen/ec/tcbl0900.mf
    127  01-19-97  21:42   fonts/source/jknappen/ec/tcbl1000.mf
    130  01-19-97  21:42   fonts/source/jknappen/ec/tcbl1095.mf
    127  01-19-97  21:42   fonts/source/jknappen/ec/tcbl1200.mf
    129  01-19-97  21:42   fonts/source/jknappen/ec/tcbl1440.mf
    130  01-19-97  21:42   fonts/source/jknappen/ec/tcbl1728.mf
    130  01-19-97  21:42   fonts/source/jknappen/ec/tcbl2074.mf
    130  01-19-97  21:42   fonts/source/jknappen/ec/tcbl2488.mf
    130  01-19-97  21:42   fonts/source/jknappen/ec/tcbl2986.mf
    130  01-19-97  21:42   fonts/source/jknappen/ec/tcbl3583.mf
   6250  01-19-97  19:16   fonts/source/jknappen/ec/tcbm.mf
   5808  01-19-97  19:16   fonts/source/jknappen/ec/tcbx.mf
    126  01-19-97  21:42   fonts/source/jknappen/ec/tcbx0500.mf
    126  01-19-97  21:42   fonts/source/jknappen/ec/tcbx0600.mf
    126  01-19-97  21:42   fonts/source/jknappen/ec/tcbx0700.mf
    126  01-19-97  21:42   fonts/source/jknappen/ec/tcbx0800.mf
    126  01-19-97  21:42   fonts/source/jknappen/ec/tcbx0900.mf
    127  01-19-97  21:42   fonts/source/jknappen/ec/tcbx1000.mf
    130  01-19-97  21:42   fonts/source/jknappen/ec/tcbx1095.mf
    127  01-19-97  21:42   fonts/source/jknappen/ec/tcbx1200.mf
    129  01-19-97  21:42   fonts/source/jknappen/ec/tcbx1440.mf
    130  01-19-97  21:42   fonts/source/jknappen/ec/tcbx1728.mf
    130  01-19-97  21:42   fonts/source/jknappen/ec/tcbx2074.mf
    130  01-19-97  21:42   fonts/source/jknappen/ec/tcbx2488.mf
    130  01-19-97  21:42   fonts/source/jknappen/ec/tcbx2986.mf
    130  01-19-97  21:42   fonts/source/jknappen/ec/tcbx3583.mf
   4978  01-19-97  19:16   fonts/source/jknappen/ec/tcci.mf
    126  01-19-97  21:43   fonts/source/jknappen/ec/tcci0500.mf
    126  01-19-97  21:43   fonts/source/jknappen/ec/tcci0600.mf
    126  01-19-97  21:43   fonts/source/jknappen/ec/tcci0700.mf
    126  01-19-97  21:43   fonts/source/jknappen/ec/tcci0800.mf
    126  01-19-97  21:43   fonts/source/jknappen/ec/tcci0900.mf
    127  01-19-97  21:43   fonts/source/jknappen/ec/tcci1000.mf
    130  01-19-97  21:43   fonts/source/jknappen/ec/tcci1095.mf
    127  01-19-97  21:43   fonts/source/jknappen/ec/tcci1200.mf
    129  01-19-97  21:43   fonts/source/jknappen/ec/tcci1440.mf
    130  01-19-97  21:43   fonts/source/jknappen/ec/tcci1728.mf
    130  01-19-97  21:43   fonts/source/jknappen/ec/tcci2074.mf
    130  01-19-97  21:43   fonts/source/jknappen/ec/tcci2488.mf
    130  01-19-97  21:43   fonts/source/jknappen/ec/tcci2986.mf
    130  01-19-97  21:43   fonts/source/jknappen/ec/tcci3583.mf
   6279  01-19-97  19:16   fonts/source/jknappen/ec/tcdh.mf
   4748  01-19-97  19:16   fonts/source/jknappen/ec/tcfb.mf
   4526  01-19-97  19:16   fonts/source/jknappen/ec/tcff.mf
   4525  01-19-97  19:16   fonts/source/jknappen/ec/tcfi.mf
   4762  01-07-97  18:03   fonts/source/jknappen/ec/tcfs.mf
   4533  01-19-97  19:16   fonts/source/jknappen/ec/tcit.mf
    126  01-19-97  21:43   fonts/source/jknappen/ec/tcit0800.mf
    126  01-19-97  21:43   fonts/source/jknappen/ec/tcit0900.mf
    127  01-19-97  21:43   fonts/source/jknappen/ec/tcit1000.mf
    130  01-19-97  21:43   fonts/source/jknappen/ec/tcit1095.mf
    127  01-19-97  21:43   fonts/source/jknappen/ec/tcit1200.mf
    129  01-19-97  21:43   fonts/source/jknappen/ec/tcit1440.mf
    130  01-19-97  21:43   fonts/source/jknappen/ec/tcit1728.mf
    130  01-19-97  21:43   fonts/source/jknappen/ec/tcit2074.mf
    130  01-19-97  21:43   fonts/source/jknappen/ec/tcit2488.mf
    130  01-19-97  21:43   fonts/source/jknappen/ec/tcit2986.mf
    130  01-19-97  21:43   fonts/source/jknappen/ec/tcit3583.mf
   5850  01-19-97  19:17   fonts/source/jknappen/ec/tcrb.mf
    126  01-19-97  21:42   fonts/source/jknappen/ec/tcrb0500.mf
    126  01-19-97  21:42   fonts/source/jknappen/ec/tcrb0600.mf
    126  01-19-97  21:42   fonts/source/jknappen/ec/tcrb0700.mf
    126  01-19-97  21:42   fonts/source/jknappen/ec/tcrb0800.mf
    126  01-19-97  21:42   fonts/source/jknappen/ec/tcrb0900.mf
    127  01-19-97  21:42   fonts/source/jknappen/ec/tcrb1000.mf
    130  01-19-97  21:42   fonts/source/jknappen/ec/tcrb1095.mf
    127  01-19-97  21:42   fonts/source/jknappen/ec/tcrb1200.mf
    129  01-19-97  21:42   fonts/source/jknappen/ec/tcrb1440.mf
    130  01-19-97  21:42   fonts/source/jknappen/ec/tcrb1728.mf
    130  01-19-97  21:42   fonts/source/jknappen/ec/tcrb2074.mf
    130  01-19-97  21:42   fonts/source/jknappen/ec/tcrb2488.mf
    130  01-19-97  21:42   fonts/source/jknappen/ec/tcrb2986.mf
    130  01-19-97  21:42   fonts/source/jknappen/ec/tcrb3583.mf
   6239  01-19-97  19:17   fonts/source/jknappen/ec/tcrm.mf
    126  01-19-97  21:42   fonts/source/jknappen/ec/tcrm0500.mf
    126  01-19-97  21:42   fonts/source/jknappen/ec/tcrm0600.mf
    126  01-19-97  21:42   fonts/source/jknappen/ec/tcrm0700.mf
    126  01-19-97  21:42   fonts/source/jknappen/ec/tcrm0800.mf
    126  01-19-97  21:42   fonts/source/jknappen/ec/tcrm0900.mf
    127  01-19-97  21:42   fonts/source/jknappen/ec/tcrm1000.mf
    130  01-19-97  21:42   fonts/source/jknappen/ec/tcrm1095.mf
    127  01-19-97  21:42   fonts/source/jknappen/ec/tcrm1200.mf
    129  01-19-97  21:42   fonts/source/jknappen/ec/tcrm1440.mf
    130  01-19-97  21:42   fonts/source/jknappen/ec/tcrm1728.mf
    130  01-19-97  21:42   fonts/source/jknappen/ec/tcrm2074.mf
    130  01-19-97  21:42   fonts/source/jknappen/ec/tcrm2488.mf
    130  01-19-97  21:42   fonts/source/jknappen/ec/tcrm2986.mf
    130  01-19-97  21:42   fonts/source/jknappen/ec/tcrm3583.mf
   4963  01-19-97  19:17   fonts/source/jknappen/ec/tcsi.mf
    126  01-19-97  21:43   fonts/source/jknappen/ec/tcsi0500.mf
    126  01-19-97  21:43   fonts/source/jknappen/ec/tcsi0600.mf
    126  01-19-97  21:43   fonts/source/jknappen/ec/tcsi0700.mf
    126  01-19-97  21:43   fonts/source/jknappen/ec/tcsi0800.mf
    126  01-19-97  21:43   fonts/source/jknappen/ec/tcsi0900.mf
    127  01-19-97  21:43   fonts/source/jknappen/ec/tcsi1000.mf
    130  01-19-97  21:43   fonts/source/jknappen/ec/tcsi1095.mf
    127  01-19-97  21:43   fonts/source/jknappen/ec/tcsi1200.mf
    129  01-19-97  21:43   fonts/source/jknappen/ec/tcsi1440.mf
    130  01-19-97  21:43   fonts/source/jknappen/ec/tcsi1728.mf
    130  01-19-97  21:43   fonts/source/jknappen/ec/tcsi2074.mf
    130  01-19-97  21:43   fonts/source/jknappen/ec/tcsi2488.mf
    130  01-19-97  21:43   fonts/source/jknappen/ec/tcsi2986.mf
    130  01-19-97  21:43   fonts/source/jknappen/ec/tcsi3583.mf
   6242  01-19-97  19:17   fonts/source/jknappen/ec/tcsl.mf
    126  01-19-97  21:42   fonts/source/jknappen/ec/tcsl0500.mf
    126  01-19-97  21:42   fonts/source/jknappen/ec/tcsl0600.mf
    126  01-19-97  21:42   fonts/source/jknappen/ec/tcsl0700.mf
    126  01-19-97  21:42   fonts/source/jknappen/ec/tcsl0800.mf
    126  01-19-97  21:42   fonts/source/jknappen/ec/tcsl0900.mf
    127  01-19-97  21:42   fonts/source/jknappen/ec/tcsl1000.mf
    130  01-19-97  21:42   fonts/source/jknappen/ec/tcsl1095.mf
    127  01-19-97  21:42   fonts/source/jknappen/ec/tcsl1200.mf
    129  01-19-97  21:42   fonts/source/jknappen/ec/tcsl1440.mf
    130  01-19-97  21:42   fonts/source/jknappen/ec/tcsl1728.mf
    130  01-19-97  21:42   fonts/source/jknappen/ec/tcsl2074.mf
    130  01-19-97  21:42   fonts/source/jknappen/ec/tcsl2488.mf
    130  01-19-97  21:42   fonts/source/jknappen/ec/tcsl2986.mf
    130  01-19-97  21:42   fonts/source/jknappen/ec/tcsl3583.mf
   4753  01-19-97  19:17   fonts/source/jknappen/ec/tcso.mf
    126  01-19-97  21:43   fonts/source/jknappen/ec/tcso0500.mf
    126  01-19-97  21:43   fonts/source/jknappen/ec/tcso0600.mf
    126  01-19-97  21:43   fonts/source/jknappen/ec/tcso0700.mf
    126  01-19-97  21:43   fonts/source/jknappen/ec/tcso0800.mf
    126  01-19-97  21:43   fonts/source/jknappen/ec/tcso0900.mf
    127  01-19-97  21:43   fonts/source/jknappen/ec/tcso1000.mf
    130  01-19-97  21:43   fonts/source/jknappen/ec/tcso1095.mf
    127  01-19-97  21:43   fonts/source/jknappen/ec/tcso1200.mf
    129  01-19-97  21:43   fonts/source/jknappen/ec/tcso1440.mf
    130  01-19-97  21:43   fonts/source/jknappen/ec/tcso1728.mf
    130  01-19-97  21:43   fonts/source/jknappen/ec/tcso2074.mf
    130  01-19-97  21:43   fonts/source/jknappen/ec/tcso2488.mf
    130  01-19-97  21:43   fonts/source/jknappen/ec/tcso2986.mf
    130  01-19-97  21:43   fonts/source/jknappen/ec/tcso3583.mf
   4939  01-19-97  19:17   fonts/source/jknappen/ec/tcss.mf
    126  01-19-97  21:43   fonts/source/jknappen/ec/tcss0500.mf
    126  01-19-97  21:43   fonts/source/jknappen/ec/tcss0600.mf
    126  01-19-97  21:43   fonts/source/jknappen/ec/tcss0700.mf
    126  01-19-97  21:43   fonts/source/jknappen/ec/tcss0800.mf
    126  01-19-97  21:43   fonts/source/jknappen/ec/tcss0900.mf
    127  01-19-97  21:43   fonts/source/jknappen/ec/tcss1000.mf
    130  01-19-97  21:43   fonts/source/jknappen/ec/tcss1095.mf
    127  01-19-97  21:43   fonts/source/jknappen/ec/tcss1200.mf
    129  01-19-97  21:43   fonts/source/jknappen/ec/tcss1440.mf
    130  01-19-97  21:43   fonts/source/jknappen/ec/tcss1728.mf
    130  01-19-97  21:43   fonts/source/jknappen/ec/tcss2074.mf
    130  01-19-97  21:43   fonts/source/jknappen/ec/tcss2488.mf
    130  01-19-97  21:43   fonts/source/jknappen/ec/tcss2986.mf
    130  01-19-97  21:43   fonts/source/jknappen/ec/tcss3583.mf
   4519  01-19-97  19:17   fonts/source/jknappen/ec/tcst.mf
    126  01-19-97  21:43   fonts/source/jknappen/ec/tcst0800.mf
    126  01-19-97  21:43   fonts/source/jknappen/ec/tcst0900.mf
    127  01-19-97  21:43   fonts/source/jknappen/ec/tcst1000.mf
    130  01-19-97  21:43   fonts/source/jknappen/ec/tcst1095.mf
    127  01-19-97  21:43   fonts/source/jknappen/ec/tcst1200.mf
    129  01-19-97  21:43   fonts/source/jknappen/ec/tcst1440.mf
    130  01-19-97  21:43   fonts/source/jknappen/ec/tcst1728.mf
    130  01-19-97  21:43   fonts/source/jknappen/ec/tcst2074.mf
    130  01-19-97  21:43   fonts/source/jknappen/ec/tcst2488.mf
    130  01-19-97  21:43   fonts/source/jknappen/ec/tcst2986.mf
    130  01-19-97  21:43   fonts/source/jknappen/ec/tcst3583.mf
   4731  01-19-97  19:17   fonts/source/jknappen/ec/tcsx.mf
    126  01-19-97  21:43   fonts/source/jknappen/ec/tcsx0500.mf
    126  01-19-97  21:43   fonts/source/jknappen/ec/tcsx0600.mf
    126  01-19-97  21:43   fonts/source/jknappen/ec/tcsx0700.mf
    126  01-19-97  21:43   fonts/source/jknappen/ec/tcsx0800.mf
    126  01-19-97  21:43   fonts/source/jknappen/ec/tcsx0900.mf
    127  01-19-97  21:43   fonts/source/jknappen/ec/tcsx1000.mf
    130  01-19-97  21:43   fonts/source/jknappen/ec/tcsx1095.mf
    127  01-19-97  21:43   fonts/source/jknappen/ec/tcsx1200.mf
    129  01-19-97  21:43   fonts/source/jknappen/ec/tcsx1440.mf
    130  01-19-97  21:43   fonts/source/jknappen/ec/tcsx1728.mf
    130  01-19-97  21:43   fonts/source/jknappen/ec/tcsx2074.mf
    130  01-19-97  21:43   fonts/source/jknappen/ec/tcsx2488.mf
    130  01-19-97  21:43   fonts/source/jknappen/ec/tcsx2986.mf
    130  01-19-97  21:43   fonts/source/jknappen/ec/tcsx3583.mf
   4970  01-19-97  19:17   fonts/source/jknappen/ec/tcti.mf
    126  01-19-97  21:43   fonts/source/jknappen/ec/tcti0500.mf
    126  01-19-97  21:43   fonts/source/jknappen/ec/tcti0600.mf
    126  01-19-97  21:43   fonts/source/jknappen/ec/tcti0700.mf
    126  01-19-97  21:43   fonts/source/jknappen/ec/tcti0800.mf
    126  01-19-97  21:43   fonts/source/jknappen/ec/tcti0900.mf
    127  01-19-97  21:43   fonts/source/jknappen/ec/tcti1000.mf
    130  01-19-97  21:43   fonts/source/jknappen/ec/tcti1095.mf
    127  01-19-97  21:43   fonts/source/jknappen/ec/tcti1200.mf
    129  01-19-97  21:43   fonts/source/jknappen/ec/tcti1440.mf
    130  01-19-97  21:43   fonts/source/jknappen/ec/tcti1728.mf
    130  01-19-97  21:43   fonts/source/jknappen/ec/tcti2074.mf
    130  01-19-97  21:43   fonts/source/jknappen/ec/tcti2488.mf
    130  01-19-97  21:43   fonts/source/jknappen/ec/tcti2986.mf
    130  01-19-97  21:43   fonts/source/jknappen/ec/tcti3583.mf
   4524  01-19-97  19:18   fonts/source/jknappen/ec/tctt.mf
    126  01-19-97  21:42   fonts/source/jknappen/ec/tctt0800.mf
    126  01-19-97  21:42   fonts/source/jknappen/ec/tctt0900.mf
    127  01-19-97  21:42   fonts/source/jknappen/ec/tctt1000.mf
    130  01-19-97  21:42   fonts/source/jknappen/ec/tctt1095.mf
    127  01-19-97  21:42   fonts/source/jknappen/ec/tctt1200.mf
    129  01-19-97  21:42   fonts/source/jknappen/ec/tctt1440.mf
    130  01-19-97  21:42   fonts/source/jknappen/ec/tctt1728.mf
    130  01-19-97  21:42   fonts/source/jknappen/ec/tctt2074.mf
    130  01-19-97  21:42   fonts/source/jknappen/ec/tctt2488.mf
    130  01-19-97  21:42   fonts/source/jknappen/ec/tctt2986.mf
    130  01-19-97  21:42   fonts/source/jknappen/ec/tctt3583.mf
   6251  01-19-97  19:18   fonts/source/jknappen/ec/tcui.mf
    126  01-19-97  21:43   fonts/source/jknappen/ec/tcui0500.mf
    126  01-19-97  21:43   fonts/source/jknappen/ec/tcui0600.mf
    126  01-19-97  21:43   fonts/source/jknappen/ec/tcui0700.mf
    126  01-19-97  21:43   fonts/source/jknappen/ec/tcui0800.mf
    126  01-19-97  21:43   fonts/source/jknappen/ec/tcui0900.mf
    127  01-19-97  21:43   fonts/source/jknappen/ec/tcui1000.mf
    130  01-19-97  21:43   fonts/source/jknappen/ec/tcui1095.mf
    127  01-19-97  21:43   fonts/source/jknappen/ec/tcui1200.mf
    129  01-19-97  21:43   fonts/source/jknappen/ec/tcui1440.mf
    130  01-19-97  21:43   fonts/source/jknappen/ec/tcui1728.mf
    130  01-19-97  21:43   fonts/source/jknappen/ec/tcui2074.mf
    130  01-19-97  21:43   fonts/source/jknappen/ec/tcui2488.mf
    130  01-19-97  21:43   fonts/source/jknappen/ec/tcui2986.mf
    130  01-19-97  21:43   fonts/source/jknappen/ec/tcui3583.mf
   4533  01-19-97  19:18   fonts/source/jknappen/ec/tcvi.mf
    126  01-19-97  21:42   fonts/source/jknappen/ec/tcvi0800.mf
    126  01-19-97  21:42   fonts/source/jknappen/ec/tcvi0900.mf
    127  01-19-97  21:42   fonts/source/jknappen/ec/tcvi1000.mf
    130  01-19-97  21:42   fonts/source/jknappen/ec/tcvi1095.mf
    127  01-19-97  21:42   fonts/source/jknappen/ec/tcvi1200.mf
    129  01-19-97  21:42   fonts/source/jknappen/ec/tcvi1440.mf
    130  01-19-97  21:42   fonts/source/jknappen/ec/tcvi1728.mf
    130  01-19-97  21:43   fonts/source/jknappen/ec/tcvi2074.mf
    130  01-19-97  21:43   fonts/source/jknappen/ec/tcvi2488.mf
    130  01-19-97  21:43   fonts/source/jknappen/ec/tcvi2986.mf
    130  01-19-97  21:43   fonts/source/jknappen/ec/tcvi3583.mf
   4523  01-19-97  19:18   fonts/source/jknappen/ec/tcvt.mf
    126  01-19-97  21:42   fonts/source/jknappen/ec/tcvt0800.mf
    126  01-19-97  21:42   fonts/source/jknappen/ec/tcvt0900.mf
    127  01-19-97  21:42   fonts/source/jknappen/ec/tcvt1000.mf
    130  01-19-97  21:42   fonts/source/jknappen/ec/tcvt1095.mf
    127  01-19-97  21:42   fonts/source/jknappen/ec/tcvt1200.mf
    129  01-19-97  21:42   fonts/source/jknappen/ec/tcvt1440.mf
    130  01-19-97  21:42   fonts/source/jknappen/ec/tcvt1728.mf
    130  01-19-97  21:42   fonts/source/jknappen/ec/tcvt2074.mf
    130  01-19-97  21:42   fonts/source/jknappen/ec/tcvt2488.mf
    130  01-19-97  21:42   fonts/source/jknappen/ec/tcvt2986.mf
    130  01-19-97  21:42   fonts/source/jknappen/ec/tcvt3583.mf
   5344  01-19-97  19:18   fonts/source/jknappen/ec/txaccent.mf
   4286  01-19-97  19:18   fonts/source/jknappen/ec/txgen.mf
   5844  01-19-97  19:19   fonts/source/jknappen/ec/txifract.mf
   4771  01-19-97  19:19   fonts/source/jknappen/ec/txisuper.mf
  12634  01-19-97  19:19   fonts/source/jknappen/ec/txitlod.mf
   2164  01-19-97  19:19   fonts/source/jknappen/ec/txpseudo.mf
   8576  01-19-97  19:19   fonts/source/jknappen/ec/txrfract.mf
  15206  01-19-97  19:19   fonts/source/jknappen/ec/txromod.mf
   7814  01-19-97  19:19   fonts/source/jknappen/ec/txrsuper.mf
   2058  01-19-97  19:20   fonts/source/jknappen/ec/txsymb.mf
  93212  01-19-97  19:20   fonts/source/jknappen/ec/txsymbol.mf
 ------                    -------
1255127                    682 files
