This is TeX, Version 3.14159 (MiKTeX 2) (preloaded format=latex 2000.11.28)  4 NOV 2001 17:36
**BROCH01.TEX
(BROCH01.TEX
LaTeX2e <2000/06/01>
Babel <v3.6Z> and hyphenation patterns for english, french, german, ngerman, du
mylang, nohyphenation, loaded.
(d:\Program Files\MiKTeX\tex\latex\base\latex209.def
File: latex209.def 1998/05/13 v0.52 Standard LaTeX file


          Entering LaTeX 2.09 COMPATIBILITY MODE
 *************************************************************
    !!WARNING!!    !!WARNING!!    !!WARNING!!    !!WARNING!!   
 
 This mode attempts to provide an emulation of the LaTeX 2.09
 author environment so that OLD documents can be successfully
 processed. It should NOT be used for NEW documents!
 
 New documents should use Standard LaTeX conventions and start
 with the \documentclass command.
 
 Compatibility mode is UNLIKELY TO WORK with LaTeX 2.09 style
 files that change any internal macros, especially not with
 those that change the FONT SELECTION or OUTPUT ROUTINES.
 
 Therefore such style files MUST BE UPDATED to use
          Current Standard LaTeX: LaTeX2e.
 If you suspect that you may be using such a style file, which
 is probably very, very old by now, then you should attempt to
 get it updated by sending a copy of this error message to the
 author of that file.
 *************************************************************

\footheight=\dimen102
\@maxsep=\dimen103
\@dblmaxsep=\dimen104
\@cla=\count79
\@clb=\count80
\mscount=\count81
(d:\Program Files\MiKTeX\tex\latex\base\tracefnt.sty
Package: tracefnt 1997/05/29 v3.0j Standard LaTeX package (font tracing)
\tracingfonts=\count82
LaTeX Info: Redefining \selectfont on input line 96.
)
\symbold=\mathgroup4
\symsans=\mathgroup5
\symtypewriter=\mathgroup6
\symitalic=\mathgroup7
\symsmallcaps=\mathgroup8
\symslanted=\mathgroup9
LaTeX Font Info:    Redeclaring math alphabet \mathbf on input line 288.
LaTeX Font Info:    Redeclaring math alphabet \mathsf on input line 289.
LaTeX Font Info:    Redeclaring math alphabet \mathtt on input line 290.
LaTeX Font Info:    Redeclaring math alphabet \mathit on input line 296.
LaTeX Info: Redefining \em on input line 306.

(d:\Program Files\MiKTeX\tex\latex\base\latexsym.sty
Package: latexsym 1998/08/17 v2.2e Standard LaTeX package (lasy symbols)
\symlasy=\mathgroup10
LaTeX Font Info:    Overwriting symbol font `lasy' in version `bold'
(Font)                  U/lasy/m/n --> U/lasy/b/n on input line 42.
)
LaTeX Font Info:    Redeclaring math delimiter \lgroup on input line 370.
LaTeX Font Info:    Redeclaring math delimiter \rgroup on input line 372.
LaTeX Font Info:    Redeclaring math delimiter \bracevert on input line 374.
)
(d:\Program Files\MiKTeX\tex\latex\base\article.cls
Document Class: article 2000/05/19 v1.4b Standard LaTeX document class
(d:\Program Files\MiKTeX\tex\latex\base\size10.clo
File: size10.clo 2000/05/19 v1.4b Standard LaTeX file (size option)
)
\c@part=\count83
\c@section=\count84
\c@subsection=\count85
\c@subsubsection=\count86
\c@paragraph=\count87
\c@subparagraph=\count88
\c@figure=\count89
\c@table=\count90
\abovecaptionskip=\skip41
\belowcaptionskip=\skip42
Compatibility mode: definition of \rm ignored.
Compatibility mode: definition of \sf ignored.
Compatibility mode: definition of \tt ignored.
Compatibility mode: definition of \bf ignored.
Compatibility mode: definition of \it ignored.
Compatibility mode: definition of \sl ignored.
Compatibility mode: definition of \sc ignored.
LaTeX Info: Redefining \cal on input line 501.
LaTeX Info: Redefining \mit on input line 502.
\bibindent=\dimen105
)
(d:\Program Files\MiKTeX\tex\latex209\base\fancybox.sty

! LaTeX Error: Command \@begindvi already defined.
               Or name \end... illegal, see p.192 of the manual.

See the LaTeX manual or LaTeX Companion for explanation.
Type  H <return>  for immediate help.
 ...                                      
                                          
l.5 \newcommand\@begindvi{}
                            % For rather old versions of LaTeX 2e
? 
\c@tocdepth=\count91
Style option: `fancybox' v1.2 <1998/02/27> (tvz)
\@fancybox=\box26
\shadowsize=\dimen106
\@Sbox=\box27
\do@VerbBox=\toks14
\the@fancyput=\toks15
\this@fancyput=\toks16
\EndVerbatimTokens=\toks17
\Verbatim@Outfile=\write3
\Verbatim@Infile=\read1
) (icpcpl.tex
\icpcplbox=\box28
\icpcplw=\dimen107
) (acm.tex
\acmbox=\box29
\acmw=\dimen108
) (boloon.tex
\boloonbox=\box30
\boloonw=\dimen109
) (trophy.tex
\trophybox=\box31
\trophyw=\dimen110
) (picone.tex
\piconebox=\box32
\piconew=\dimen111
) (pictwo.tex
\pictwobox=\box33
\pictwow=\dimen112
)
(isiran.tex
\isiranbox=\box34
\isiranw=\dimen113
)
\c@mnum=\count92
\myleng=\skip43
\pageone=\box35
LaTeX Font Info:    External font `cmex10' loaded for size
(Font)              <7> on input line 94.
LaTeX Font Info:    External font `cmex10' loaded for size
(Font)              <5> on input line 94.
LaTeX Font Info:    Try loading font information for U+lasy on input line 94.
 (d:\Program Files\MiKTeX\tex\latex\base\ulasy.fd
File: ulasy.fd 1998/08/17 v2.2eLaTeX symbol font definitions
)
\pagetwo=\box36

Underfull \hbox (badness 5203) in paragraph at lines 152--152
\OT1/cmr/m/n/10 ver-sity of Mashad ad-
 []

\pagethree=\box37
\pagefour=\box38
\pagefive=\box39

Underfull \hbox (badness 1033) in paragraph at lines 350--350
[]\OT1/cmr/m/n/10 Send (or fax) the re-ceipt of reg-is-tra-tion fee
 []


Underfull \hbox (badness 1005) in paragraph at lines 350--350
[]\OT1/cmr/m/n/10 Finalize your on-line reg-is-tra-tion (names, ad-
 []

\pagesix=\box40
LaTeX Font Info:    External font `cmex10' loaded for size
(Font)              <9> on input line 420.
LaTeX Font Info:    External font `cmex10' loaded for size
(Font)              <6> on input line 420.
\pageseven=\box41
\pageeight=\box42

Overfull \hbox (7.91275pt too wide) in paragraph at lines 539--539
  $[]$ 
 []

\emptypage=\box43
(BROCH01.aux)
LaTeX Font Info:    Checking defaults for OML/cmm/m/it on input line 556.
LaTeX Font Info:    ... okay on input line 556.
LaTeX Font Info:    Checking defaults for T1/cmr/m/n on input line 556.
LaTeX Font Info:    ... okay on input line 556.
LaTeX Font Info:    Checking defaults for OT1/cmr/m/n on input line 556.
LaTeX Font Info:    ... okay on input line 556.
LaTeX Font Info:    Checking defaults for OMS/cmsy/m/n on input line 556.
LaTeX Font Info:    ... okay on input line 556.
LaTeX Font Info:    Checking defaults for OMX/cmex/m/n on input line 556.
LaTeX Font Info:    ... okay on input line 556.
LaTeX Font Info:    Checking defaults for U/cmr/m/n on input line 556.
LaTeX Font Info:    ... okay on input line 556.
 [1

] [2] [3] [4] (BROCH01.aux) )
Output written on BROCH01.dvi (4 pages, 15672 bytes).
